{"/home/travis/build/npmtest/node-npmtest-mandrill-api/test.js":{"path":"/home/travis/build/npmtest/node-npmtest-mandrill-api/test.js","s":{"1":2,"2":2,"3":2,"4":2,"5":2,"6":2,"7":2,"8":1,"9":2,"10":2,"11":1,"12":1,"13":1,"14":1,"15":2,"16":2,"17":2,"18":2,"19":1,"20":1,"21":2,"22":2,"23":2,"24":1,"25":1,"26":1,"27":1,"28":1,"29":1,"30":1,"31":1,"32":1,"33":1,"34":1,"35":1,"36":1,"37":1,"38":1,"39":2,"40":2,"41":1,"42":2,"43":2,"44":1,"45":2,"46":2,"47":1,"48":2,"49":2,"50":1,"51":1,"52":1,"53":1,"54":1},"b":{"1":[2,1,1,1],"2":[1,1,1,1],"3":[1,1],"4":[1,1],"5":[1,1],"6":[1,1],"7":[1,1],"8":[1,1],"9":[1,1],"10":[1,1,1],"11":[1,1],"12":[1,1],"13":[1,1],"14":[1,1],"15":[1,1],"16":[1,1],"17":[1,1]},"f":{"1":2,"2":2,"3":2,"4":2,"5":2,"6":1,"7":1,"8":1,"9":2,"10":2,"11":2,"12":2,"13":1},"fnMap":{"1":{"name":"(anonymous_1)","line":12,"loc":{"start":{"line":12,"column":1},"end":{"line":12,"column":13}}},"2":{"name":"(anonymous_2)","line":19,"loc":{"start":{"line":19,"column":5},"end":{"line":19,"column":17}}},"3":{"name":"(anonymous_3)","line":23,"loc":{"start":{"line":23,"column":24},"end":{"line":23,"column":36}}},"4":{"name":"(anonymous_4)","line":61,"loc":{"start":{"line":61,"column":5},"end":{"line":61,"column":17}}},"5":{"name":"(anonymous_5)","line":82,"loc":{"start":{"line":82,"column":5},"end":{"line":82,"column":17}}},"6":{"name":"(anonymous_6)","line":91,"loc":{"start":{"line":91,"column":77},"end":{"line":94,"column":10}}},"7":{"name":"(anonymous_7)","line":112,"loc":{"start":{"line":112,"column":83},"end":{"line":115,"column":10}},"skip":true},"8":{"name":"(anonymous_8)","line":123,"loc":{"start":{"line":123,"column":77},"end":{"line":126,"column":10}},"skip":true},"9":{"name":"(anonymous_9)","line":139,"loc":{"start":{"line":139,"column":12},"end":{"line":139,"column":40}},"skip":true},"10":{"name":"(anonymous_10)","line":147,"loc":{"start":{"line":147,"column":77},"end":{"line":150,"column":10}},"skip":true},"11":{"name":"(anonymous_11)","line":158,"loc":{"start":{"line":158,"column":83},"end":{"line":161,"column":10}},"skip":true},"12":{"name":"(anonymous_12)","line":169,"loc":{"start":{"line":169,"column":79},"end":{"line":172,"column":10}},"skip":true},"13":{"name":"(anonymous_13)","line":180,"loc":{"start":{"line":180,"column":75},"end":{"line":183,"column":10}},"skip":true}},"statementMap":{"1":{"start":{"line":12,"column":0},"end":{"line":195,"column":5}},"2":{"start":{"line":14,"column":4},"end":{"line":14,"column":14}},"3":{"start":{"line":19,"column":4},"end":{"line":56,"column":9}},"4":{"start":{"line":21,"column":8},"end":{"line":21,"column":19}},"5":{"start":{"line":23,"column":8},"end":{"line":35,"column":13}},"6":{"start":{"line":24,"column":12},"end":{"line":34,"column":13}},"7":{"start":{"line":25,"column":16},"end":{"line":28,"column":30}},"8":{"start":{"line":30,"column":16},"end":{"line":33,"column":27}},"9":{"start":{"line":37,"column":8},"end":{"line":39,"column":21}},"10":{"start":{"line":40,"column":8},"end":{"line":53,"column":9}},"11":{"start":{"line":43,"column":12},"end":{"line":46,"column":14}},"12":{"start":{"line":47,"column":12},"end":{"line":47,"column":18}},"13":{"start":{"line":50,"column":12},"end":{"line":51,"column":33}},"14":{"start":{"line":52,"column":12},"end":{"line":52,"column":18}},"15":{"start":{"line":55,"column":8},"end":{"line":55,"column":35}},"16":{"start":{"line":61,"column":4},"end":{"line":63,"column":9}},"17":{"start":{"line":62,"column":8},"end":{"line":62,"column":15}},"18":{"start":{"line":64,"column":4},"end":{"line":77,"column":5}},"19":{"start":{"line":70,"column":8},"end":{"line":70,"column":14}},"20":{"start":{"line":76,"column":8},"end":{"line":76,"column":14}},"21":{"start":{"line":82,"column":4},"end":{"line":84,"column":9}},"22":{"start":{"line":83,"column":8},"end":{"line":83,"column":15}},"23":{"start":{"line":85,"column":4},"end":{"line":194,"column":5}},"24":{"start":{"line":91,"column":8},"end":{"line":99,"column":10}},"25":{"start":{"line":98,"column":12},"end":{"line":98,"column":35}},"26":{"start":{"line":102,"column":8},"end":{"line":104,"column":63}},"27":{"start":{"line":105,"column":8},"end":{"line":105,"column":14}},"28":{"start":{"line":112,"column":8},"end":{"line":121,"column":10},"skip":true},"29":{"start":{"line":119,"column":12},"end":{"line":119,"column":55},"skip":true},"30":{"start":{"line":120,"column":12},"end":{"line":120,"column":48},"skip":true},"31":{"start":{"line":123,"column":8},"end":{"line":136,"column":10},"skip":true},"32":{"start":{"line":130,"column":12},"end":{"line":130,"column":76},"skip":true},"33":{"start":{"line":131,"column":12},"end":{"line":131,"column":73},"skip":true},"34":{"start":{"line":132,"column":12},"end":{"line":132,"column":74},"skip":true},"35":{"start":{"line":133,"column":12},"end":{"line":133,"column":79},"skip":true},"36":{"start":{"line":134,"column":12},"end":{"line":134,"column":25},"skip":true},"37":{"start":{"line":135,"column":12},"end":{"line":135,"column":45},"skip":true},"38":{"start":{"line":138,"column":8},"end":{"line":145,"column":14},"skip":true},"39":{"start":{"line":143,"column":16},"end":{"line":143,"column":29},"skip":true},"40":{"start":{"line":144,"column":16},"end":{"line":144,"column":55},"skip":true},"41":{"start":{"line":147,"column":8},"end":{"line":156,"column":10},"skip":true},"42":{"start":{"line":154,"column":12},"end":{"line":154,"column":25},"skip":true},"43":{"start":{"line":155,"column":12},"end":{"line":155,"column":45},"skip":true},"44":{"start":{"line":158,"column":8},"end":{"line":167,"column":10},"skip":true},"45":{"start":{"line":165,"column":12},"end":{"line":165,"column":25},"skip":true},"46":{"start":{"line":166,"column":12},"end":{"line":166,"column":48},"skip":true},"47":{"start":{"line":169,"column":8},"end":{"line":178,"column":10},"skip":true},"48":{"start":{"line":176,"column":12},"end":{"line":176,"column":25},"skip":true},"49":{"start":{"line":177,"column":12},"end":{"line":177,"column":46},"skip":true},"50":{"start":{"line":180,"column":8},"end":{"line":189,"column":10},"skip":true},"51":{"start":{"line":187,"column":12},"end":{"line":187,"column":94},"skip":true},"52":{"start":{"line":188,"column":12},"end":{"line":188,"column":48},"skip":true},"53":{"start":{"line":192,"column":8},"end":{"line":192,"column":35},"skip":true},"54":{"start":{"line":193,"column":8},"end":{"line":193,"column":14},"skip":true}},"branchMap":{"1":{"line":25,"type":"binary-expr","locations":[{"start":{"line":25,"column":23},"end":{"line":25,"column":62}},{"start":{"line":26,"column":20},"end":{"line":26,"column":70}},{"start":{"line":27,"column":20},"end":{"line":27,"column":71}},{"start":{"line":28,"column":20},"end":{"line":28,"column":29}}]},"2":{"line":30,"type":"binary-expr","locations":[{"start":{"line":30,"column":23},"end":{"line":30,"column":37}},{"start":{"line":31,"column":20},"end":{"line":31,"column":61}},{"start":{"line":32,"column":20},"end":{"line":32,"column":70}},{"start":{"line":33,"column":20},"end":{"line":33,"column":26}}]},"3":{"line":37,"type":"cond-expr","locations":[{"start":{"line":38,"column":14},"end":{"line":38,"column":20}},{"start":{"line":39,"column":14},"end":{"line":39,"column":20}}]},"4":{"line":40,"type":"switch","locations":[{"start":{"line":42,"column":8},"end":{"line":47,"column":18}},{"start":{"line":49,"column":8},"end":{"line":52,"column":18}}]},"5":{"line":44,"type":"binary-expr","locations":[{"start":{"line":44,"column":16},"end":{"line":44,"column":44}},{"start":{"line":44,"column":48},"end":{"line":44,"column":66}}]},"6":{"line":50,"type":"binary-expr","locations":[{"start":{"line":50,"column":21},"end":{"line":50,"column":49}},{"start":{"line":50,"column":53},"end":{"line":50,"column":72}}]},"7":{"line":64,"type":"switch","locations":[{"start":{"line":69,"column":4},"end":{"line":70,"column":14}},{"start":{"line":75,"column":4},"end":{"line":76,"column":14}}]},"8":{"line":85,"type":"switch","locations":[{"start":{"line":90,"column":4},"end":{"line":105,"column":14}},{"start":{"line":111,"column":4},"end":{"line":193,"column":14},"skip":true}]},"9":{"line":91,"type":"binary-expr","locations":[{"start":{"line":91,"column":42},"end":{"line":91,"column":73}},{"start":{"line":91,"column":77},"end":{"line":99,"column":9}}]},"10":{"line":102,"type":"binary-expr","locations":[{"start":{"line":102,"column":18},"end":{"line":102,"column":32}},{"start":{"line":103,"column":12},"end":{"line":103,"column":53}},{"start":{"line":104,"column":12},"end":{"line":104,"column":61}}]},"11":{"line":112,"type":"binary-expr","locations":[{"start":{"line":112,"column":45},"end":{"line":112,"column":79},"skip":true},{"start":{"line":112,"column":83},"end":{"line":121,"column":9},"skip":true}]},"12":{"line":123,"type":"binary-expr","locations":[{"start":{"line":123,"column":42},"end":{"line":123,"column":73},"skip":true},{"start":{"line":123,"column":77},"end":{"line":136,"column":9},"skip":true}]},"13":{"line":138,"type":"binary-expr","locations":[{"start":{"line":138,"column":48},"end":{"line":138,"column":85},"skip":true},{"start":{"line":139,"column":12},"end":{"line":145,"column":13},"skip":true}]},"14":{"line":147,"type":"binary-expr","locations":[{"start":{"line":147,"column":42},"end":{"line":147,"column":73},"skip":true},{"start":{"line":147,"column":77},"end":{"line":156,"column":9},"skip":true}]},"15":{"line":158,"type":"binary-expr","locations":[{"start":{"line":158,"column":45},"end":{"line":158,"column":79},"skip":true},{"start":{"line":158,"column":83},"end":{"line":167,"column":9},"skip":true}]},"16":{"line":169,"type":"binary-expr","locations":[{"start":{"line":169,"column":43},"end":{"line":169,"column":75},"skip":true},{"start":{"line":169,"column":79},"end":{"line":178,"column":9},"skip":true}]},"17":{"line":180,"type":"binary-expr","locations":[{"start":{"line":180,"column":41},"end":{"line":180,"column":71},"skip":true},{"start":{"line":180,"column":75},"end":{"line":189,"column":9},"skip":true}]}},"code":["/* istanbul instrument in package npmtest_mandrill_api */","/*jslint","    bitwise: true,","    browser: true,","    maxerr: 8,","    maxlen: 96,","    node: true,","    nomen: true,","    regexp: true,","    stupid: true","*/","(function () {","    'use strict';","    var local;","","","","    // run shared js-env code - pre-init","    (function () {","        // init local","        local = {};","        // init modeJs","        local.modeJs = (function () {","            try {","                return typeof navigator.userAgent === 'string' &&","                    typeof document.querySelector('body') === 'object' &&","                    typeof XMLHttpRequest.prototype.open === 'function' &&","                    'browser';","            } catch (errorCaughtBrowser) {","                return module.exports &&","                    typeof process.versions.node === 'string' &&","                    typeof require('http').createServer === 'function' &&","                    'node';","            }","        }());","        // init global","        local.global = local.modeJs === 'browser'","            ? window","            : global;","        switch (local.modeJs) {","        // re-init local from window.local","        case 'browser':","            local = local.global.utility2.objectSetDefault(","                local.global.utility2_rollup || local.global.local,","                local.global.utility2","            );","            break;","        // re-init local from example.js","        case 'node':","            local = (local.global.utility2_rollup || require('utility2'))","                .requireReadme();","            break;","        }","        // export local","        local.global.local = local;","    }());","","","","    // run shared js-env code - function","    (function () {","        return;","    }());","    switch (local.modeJs) {","","","","    // run browser js-env code - function","    case 'browser':","        break;","","","","    // run node js-env code - function","    case 'node':","        break;","    }","","","","    // run shared js-env code - post-init","    (function () {","        return;","    }());","    switch (local.modeJs) {","","","","    // run browser js-env code - post-init","    case 'browser':","        local.testCase_browser_nullCase = local.testCase_browser_nullCase || function (","            options,","            onError","        ) {","        /*","         * this function will test browsers's null-case handling-behavior-behavior","         */","            onError(null, options);","        };","","        // run tests","        local.nop(local.modeTest &&","            document.querySelector('#testRunButton1') &&","            document.querySelector('#testRunButton1').click());","        break;","","","","    // run node js-env code - post-init","    /* istanbul ignore next */","    case 'node':","        local.testCase_buildApidoc_default = local.testCase_buildApidoc_default || function (","            options,","            onError","        ) {","        /*","         * this function will test buildApidoc's default handling-behavior-behavior","         */","            options = { modulePathList: module.paths };","            local.buildApidoc(options, onError);","        };","","        local.testCase_buildApp_default = local.testCase_buildApp_default || function (","            options,","            onError","        ) {","        /*","         * this function will test buildApp's default handling-behavior-behavior","         */","            local.testCase_buildReadme_default(options, local.onErrorThrow);","            local.testCase_buildLib_default(options, local.onErrorThrow);","            local.testCase_buildTest_default(options, local.onErrorThrow);","            local.testCase_buildCustomOrg_default(options, local.onErrorThrow);","            options = [];","            local.buildApp(options, onError);","        };","","        local.testCase_buildCustomOrg_default = local.testCase_buildCustomOrg_default ||","            function (options, onError) {","            /*","             * this function will test buildCustomOrg's default handling-behavior","             */","                options = {};","                local.buildCustomOrg(options, onError);","            };","","        local.testCase_buildLib_default = local.testCase_buildLib_default || function (","            options,","            onError","        ) {","        /*","         * this function will test buildLib's default handling-behavior","         */","            options = {};","            local.buildLib(options, onError);","        };","","        local.testCase_buildReadme_default = local.testCase_buildReadme_default || function (","            options,","            onError","        ) {","        /*","         * this function will test buildReadme's default handling-behavior-behavior","         */","            options = {};","            local.buildReadme(options, onError);","        };","","        local.testCase_buildTest_default = local.testCase_buildTest_default || function (","            options,","            onError","        ) {","        /*","         * this function will test buildTest's default handling-behavior","         */","            options = {};","            local.buildTest(options, onError);","        };","","        local.testCase_webpage_default = local.testCase_webpage_default || function (","            options,","            onError","        ) {","        /*","         * this function will test webpage's default handling-behavior","         */","            options = { modeCoverageMerge: true, url: local.serverLocalHost + '?modeTest=1' };","            local.browserTest(options, onError);","        };","","        // run test-server","        local.testRunServer(local);","        break;","    }","}());",""],"l":{"12":2,"14":2,"19":2,"21":2,"23":2,"24":2,"25":2,"30":1,"37":2,"40":2,"43":1,"47":1,"50":1,"52":1,"55":2,"61":2,"62":2,"64":2,"70":1,"76":1,"82":2,"83":2,"85":2,"91":1,"98":1,"102":1,"105":1,"112":1,"119":1,"120":1,"123":1,"130":1,"131":1,"132":1,"133":1,"134":1,"135":1,"138":1,"143":2,"144":2,"147":1,"154":2,"155":2,"158":1,"165":2,"166":2,"169":1,"176":2,"177":2,"180":1,"187":1,"188":1,"192":1,"193":1}},"/home/travis/build/npmtest/node-npmtest-mandrill-api/lib.npmtest_mandrill_api.js":{"path":"/home/travis/build/npmtest/node-npmtest-mandrill-api/lib.npmtest_mandrill_api.js","s":{"1":2,"2":2,"3":2,"4":2,"5":2,"6":2,"7":2,"8":1,"9":2,"10":2,"11":2,"12":2,"13":1,"14":1,"15":1,"16":1},"b":{"1":[2,1,1,1],"2":[1,1,1,1],"3":[1,1],"4":[2,2],"5":[1,1]},"f":{"1":2,"2":2,"3":2},"fnMap":{"1":{"name":"(anonymous_1)","line":12,"loc":{"start":{"line":12,"column":1},"end":{"line":12,"column":13}}},"2":{"name":"(anonymous_2)","line":19,"loc":{"start":{"line":19,"column":5},"end":{"line":19,"column":17}}},"3":{"name":"(anonymous_3)","line":23,"loc":{"start":{"line":23,"column":24},"end":{"line":23,"column":36}}}},"statementMap":{"1":{"start":{"line":12,"column":0},"end":{"line":53,"column":5}},"2":{"start":{"line":14,"column":4},"end":{"line":14,"column":14}},"3":{"start":{"line":19,"column":4},"end":{"line":52,"column":9}},"4":{"start":{"line":21,"column":8},"end":{"line":21,"column":19}},"5":{"start":{"line":23,"column":8},"end":{"line":35,"column":13}},"6":{"start":{"line":24,"column":12},"end":{"line":34,"column":13}},"7":{"start":{"line":25,"column":16},"end":{"line":28,"column":30}},"8":{"start":{"line":30,"column":16},"end":{"line":33,"column":27}},"9":{"start":{"line":37,"column":8},"end":{"line":39,"column":21}},"10":{"start":{"line":41,"column":8},"end":{"line":41,"column":54}},"11":{"start":{"line":43,"column":8},"end":{"line":43,"column":57}},"12":{"start":{"line":45,"column":8},"end":{"line":51,"column":9}},"13":{"start":{"line":46,"column":12},"end":{"line":46,"column":63}},"14":{"start":{"line":48,"column":12},"end":{"line":48,"column":35}},"15":{"start":{"line":49,"column":12},"end":{"line":49,"column":49}},"16":{"start":{"line":50,"column":12},"end":{"line":50,"column":43}}},"branchMap":{"1":{"line":25,"type":"binary-expr","locations":[{"start":{"line":25,"column":23},"end":{"line":25,"column":62}},{"start":{"line":26,"column":20},"end":{"line":26,"column":70}},{"start":{"line":27,"column":20},"end":{"line":27,"column":71}},{"start":{"line":28,"column":20},"end":{"line":28,"column":29}}]},"2":{"line":30,"type":"binary-expr","locations":[{"start":{"line":30,"column":23},"end":{"line":30,"column":37}},{"start":{"line":31,"column":20},"end":{"line":31,"column":61}},{"start":{"line":32,"column":20},"end":{"line":32,"column":70}},{"start":{"line":33,"column":20},"end":{"line":33,"column":26}}]},"3":{"line":37,"type":"cond-expr","locations":[{"start":{"line":38,"column":14},"end":{"line":38,"column":20}},{"start":{"line":39,"column":14},"end":{"line":39,"column":20}}]},"4":{"line":41,"type":"binary-expr","locations":[{"start":{"line":41,"column":16},"end":{"line":41,"column":44}},{"start":{"line":41,"column":48},"end":{"line":41,"column":53}}]},"5":{"line":45,"type":"if","locations":[{"start":{"line":45,"column":8},"end":{"line":45,"column":8}},{"start":{"line":45,"column":8},"end":{"line":45,"column":8}}]}},"code":["/* istanbul instrument in package npmtest_mandrill_api */","/*jslint","    bitwise: true,","    browser: true,","    maxerr: 8,","    maxlen: 96,","    node: true,","    nomen: true,","    regexp: true,","    stupid: true","*/","(function () {","    'use strict';","    var local;","","","","    // run shared js-env code - pre-init","    (function () {","        // init local","        local = {};","        // init modeJs","        local.modeJs = (function () {","            try {","                return typeof navigator.userAgent === 'string' &&","                    typeof document.querySelector('body') === 'object' &&","                    typeof XMLHttpRequest.prototype.open === 'function' &&","                    'browser';","            } catch (errorCaughtBrowser) {","                return module.exports &&","                    typeof process.versions.node === 'string' &&","                    typeof require('http').createServer === 'function' &&","                    'node';","            }","        }());","        // init global","        local.global = local.modeJs === 'browser'","            ? window","            : global;","        // init utility2_rollup","        local = local.global.utility2_rollup || local;","        // init lib","        local.local = local.npmtest_mandrill_api = local;","        // init exports","        if (local.modeJs === 'browser') {","            local.global.utility2_npmtest_mandrill_api = local;","        } else {","            module.exports = local;","            module.exports.__dirname = __dirname;","            module.exports.module = module;","        }","    }());","}());",""],"l":{"12":2,"14":2,"19":2,"21":2,"23":2,"24":2,"25":2,"30":1,"37":2,"41":2,"43":2,"45":2,"46":1,"48":1,"49":1,"50":1}},"/home/travis/build/npmtest/node-npmtest-mandrill-api/example.js":{"path":"/home/travis/build/npmtest/node-npmtest-mandrill-api/example.js","s":{"1":2,"2":2,"3":2,"4":2,"5":2,"6":2,"7":2,"8":1,"9":2,"10":2,"11":2,"12":2,"13":1,"14":2,"15":2,"16":2,"17":2,"18":2,"19":0,"20":2,"21":1,"22":1,"23":1,"24":1,"25":1,"26":0,"27":0,"28":1,"29":1,"30":2,"31":0,"32":0,"33":0,"34":1,"35":2,"36":2,"37":3,"38":3,"39":3,"40":3,"41":0,"42":3,"43":3,"44":3,"45":1,"46":3,"47":1,"48":1,"49":1,"50":1,"51":1,"52":1,"53":1,"54":1,"55":1,"56":1,"57":0,"58":1,"59":6,"60":6,"61":1,"62":2,"63":0,"64":2,"65":1,"66":1,"67":0,"68":0,"69":0,"70":0,"71":0,"72":0,"73":0,"74":0,"75":0,"76":0,"77":0,"78":0,"79":0,"80":0,"81":0,"82":0,"83":0},"b":{"1":[2,1,1,1],"2":[1,1,1,1],"3":[1,1],"4":[2,2],"5":[1,1],"6":[1,1],"7":[2,0],"8":[2,1,1,1,1,1],"9":[0,2,0],"10":[1,1],"11":[2,1,1],"12":[1,0],"13":[0,2],"14":[2,0,0,0,0,0,0],"15":[0,3],"16":[3,0],"17":[1,1],"18":[0,1],"19":[1,2,0,2],"20":[1,0],"21":[1,1],"22":[0,0],"23":[0,0],"24":[0,0],"25":[0,0],"26":[0,0],"27":[0,0],"28":[0,0]},"f":{"1":2,"2":2,"3":2,"4":2,"5":2,"6":2,"7":3,"8":3,"9":3,"10":1,"11":6,"12":0},"fnMap":{"1":{"name":"(anonymous_1)","line":26,"loc":{"start":{"line":26,"column":1},"end":{"line":26,"column":13}}},"2":{"name":"(anonymous_2)","line":33,"loc":{"start":{"line":33,"column":5},"end":{"line":33,"column":17}}},"3":{"name":"(anonymous_3)","line":37,"loc":{"start":{"line":37,"column":24},"end":{"line":37,"column":36}}},"4":{"name":"(anonymous_4)","line":69,"loc":{"start":{"line":69,"column":31},"end":{"line":69,"column":48}},"skip":true},"5":{"name":"(anonymous_5)","line":78,"loc":{"start":{"line":78,"column":26},"end":{"line":78,"column":45}},"skip":true},"6":{"name":"(anonymous_6)","line":123,"loc":{"start":{"line":123,"column":33},"end":{"line":123,"column":48}},"skip":true},"7":{"name":"(anonymous_7)","line":125,"loc":{"start":{"line":125,"column":27},"end":{"line":125,"column":39}},"skip":true},"8":{"name":"(anonymous_8)","line":133,"loc":{"start":{"line":133,"column":59},"end":{"line":133,"column":74}},"skip":true},"9":{"name":"(anonymous_9)","line":143,"loc":{"start":{"line":143,"column":45},"end":{"line":143,"column":62}},"skip":true},"10":{"name":"(anonymous_10)","line":144,"loc":{"start":{"line":144,"column":73},"end":{"line":144,"column":92}},"skip":true},"11":{"name":"(anonymous_11)","line":272,"loc":{"start":{"line":272,"column":51},"end":{"line":272,"column":77}},"skip":true},"12":{"name":"(anonymous_12)","line":315,"loc":{"start":{"line":315,"column":32},"end":{"line":315,"column":61}},"skip":true}},"statementMap":{"1":{"start":{"line":26,"column":0},"end":{"line":326,"column":5}},"2":{"start":{"line":28,"column":4},"end":{"line":28,"column":14}},"3":{"start":{"line":33,"column":4},"end":{"line":60,"column":9}},"4":{"start":{"line":35,"column":8},"end":{"line":35,"column":19}},"5":{"start":{"line":37,"column":8},"end":{"line":49,"column":13}},"6":{"start":{"line":38,"column":12},"end":{"line":48,"column":13}},"7":{"start":{"line":39,"column":16},"end":{"line":42,"column":30}},"8":{"start":{"line":44,"column":16},"end":{"line":47,"column":27}},"9":{"start":{"line":51,"column":8},"end":{"line":53,"column":21}},"10":{"start":{"line":55,"column":8},"end":{"line":57,"column":45}},"11":{"start":{"line":59,"column":8},"end":{"line":59,"column":35}},"12":{"start":{"line":61,"column":4},"end":{"line":325,"column":5}},"13":{"start":{"line":69,"column":8},"end":{"line":121,"column":10},"skip":true},"14":{"start":{"line":70,"column":12},"end":{"line":88,"column":13},"skip":true},"15":{"start":{"line":76,"column":16},"end":{"line":87,"column":19},"skip":true},"16":{"start":{"line":79,"column":20},"end":{"line":86,"column":21},"skip":true},"17":{"start":{"line":82,"column":24},"end":{"line":82,"column":43},"skip":true},"18":{"start":{"line":83,"column":24},"end":{"line":83,"column":30},"skip":true},"19":{"start":{"line":85,"column":24},"end":{"line":85,"column":49},"skip":true},"20":{"start":{"line":89,"column":12},"end":{"line":107,"column":13},"skip":true},"21":{"start":{"line":92,"column":16},"end":{"line":102,"column":17},"skip":true},"22":{"start":{"line":93,"column":20},"end":{"line":93,"column":86},"skip":true},"23":{"start":{"line":94,"column":20},"end":{"line":95,"column":45},"skip":true},"24":{"start":{"line":96,"column":20},"end":{"line":96,"column":42},"skip":true},"25":{"start":{"line":97,"column":20},"end":{"line":97,"column":48},"skip":true},"26":{"start":{"line":100,"column":20},"end":{"line":100,"column":85},"skip":true},"27":{"start":{"line":101,"column":20},"end":{"line":101,"column":96},"skip":true},"28":{"start":{"line":103,"column":16},"end":{"line":103,"column":22},"skip":true},"29":{"start":{"line":106,"column":16},"end":{"line":106,"column":22},"skip":true},"30":{"start":{"line":108,"column":12},"end":{"line":120,"column":13},"skip":true},"31":{"start":{"line":114,"column":16},"end":{"line":119,"column":17},"skip":true},"32":{"start":{"line":116,"column":20},"end":{"line":116,"column":78},"skip":true},"33":{"start":{"line":118,"column":20},"end":{"line":118,"column":47},"skip":true},"34":{"start":{"line":123,"column":8},"end":{"line":141,"column":11},"skip":true},"35":{"start":{"line":124,"column":12},"end":{"line":124,"column":54},"skip":true},"36":{"start":{"line":125,"column":12},"end":{"line":140,"column":14},"skip":true},"37":{"start":{"line":126,"column":16},"end":{"line":126,"column":28},"skip":true},"38":{"start":{"line":127,"column":16},"end":{"line":127,"column":69},"skip":true},"39":{"start":{"line":128,"column":16},"end":{"line":128,"column":75},"skip":true},"40":{"start":{"line":129,"column":16},"end":{"line":131,"column":17},"skip":true},"41":{"start":{"line":130,"column":20},"end":{"line":130,"column":27},"skip":true},"42":{"start":{"line":133,"column":16},"end":{"line":137,"column":36},"skip":true},"43":{"start":{"line":134,"column":20},"end":{"line":136,"column":55},"skip":true},"44":{"start":{"line":139,"column":16},"end":{"line":139,"column":57},"skip":true},"45":{"start":{"line":143,"column":8},"end":{"line":147,"column":11},"skip":true},"46":{"start":{"line":144,"column":12},"end":{"line":146,"column":15},"skip":true},"47":{"start":{"line":145,"column":16},"end":{"line":145,"column":70},"skip":true},"48":{"start":{"line":149,"column":8},"end":{"line":149,"column":31},"skip":true},"49":{"start":{"line":150,"column":8},"end":{"line":150,"column":14},"skip":true},"50":{"start":{"line":158,"column":8},"end":{"line":158,"column":31},"skip":true},"51":{"start":{"line":160,"column":8},"end":{"line":160,"column":33},"skip":true},"52":{"start":{"line":161,"column":8},"end":{"line":161,"column":37},"skip":true},"53":{"start":{"line":162,"column":8},"end":{"line":162,"column":35},"skip":true},"54":{"start":{"line":164,"column":8},"end":{"line":164,"column":50},"skip":true},"55":{"start":{"line":166,"column":8},"end":{"line":256,"column":2},"skip":true},"56":{"start":{"line":258,"column":8},"end":{"line":286,"column":9},"skip":true},"57":{"start":{"line":259,"column":12},"end":{"line":269,"column":14},"skip":true},"58":{"start":{"line":271,"column":12},"end":{"line":285,"column":19},"skip":true},"59":{"start":{"line":274,"column":20},"end":{"line":274,"column":35},"skip":true},"60":{"start":{"line":275,"column":20},"end":{"line":284,"column":21},"skip":true},"61":{"start":{"line":277,"column":24},"end":{"line":277,"column":64},"skip":true},"62":{"start":{"line":279,"column":24},"end":{"line":279,"column":40},"skip":true},"63":{"start":{"line":281,"column":24},"end":{"line":281,"column":40},"skip":true},"64":{"start":{"line":283,"column":24},"end":{"line":283,"column":39},"skip":true},"65":{"start":{"line":288,"column":8},"end":{"line":290,"column":9},"skip":true},"66":{"start":{"line":289,"column":12},"end":{"line":289,"column":18},"skip":true},"67":{"start":{"line":291,"column":8},"end":{"line":293,"column":54},"skip":true},"68":{"start":{"line":296,"column":8},"end":{"line":301,"column":37},"skip":true},"69":{"start":{"line":303,"column":8},"end":{"line":303,"column":82},"skip":true},"70":{"start":{"line":306,"column":8},"end":{"line":308,"column":9},"skip":true},"71":{"start":{"line":307,"column":12},"end":{"line":307,"column":82},"skip":true},"72":{"start":{"line":310,"column":8},"end":{"line":312,"column":9},"skip":true},"73":{"start":{"line":311,"column":12},"end":{"line":311,"column":18},"skip":true},"74":{"start":{"line":313,"column":8},"end":{"line":313,"column":54},"skip":true},"75":{"start":{"line":314,"column":8},"end":{"line":314,"column":69},"skip":true},"76":{"start":{"line":315,"column":8},"end":{"line":323,"column":36},"skip":true},"77":{"start":{"line":316,"column":12},"end":{"line":316,"column":61},"skip":true},"78":{"start":{"line":317,"column":12},"end":{"line":320,"column":13},"skip":true},"79":{"start":{"line":318,"column":16},"end":{"line":318,"column":75},"skip":true},"80":{"start":{"line":319,"column":16},"end":{"line":319,"column":23},"skip":true},"81":{"start":{"line":321,"column":12},"end":{"line":321,"column":38},"skip":true},"82":{"start":{"line":322,"column":12},"end":{"line":322,"column":27},"skip":true},"83":{"start":{"line":324,"column":8},"end":{"line":324,"column":14},"skip":true}},"branchMap":{"1":{"line":39,"type":"binary-expr","locations":[{"start":{"line":39,"column":23},"end":{"line":39,"column":62}},{"start":{"line":40,"column":20},"end":{"line":40,"column":70}},{"start":{"line":41,"column":20},"end":{"line":41,"column":71}},{"start":{"line":42,"column":20},"end":{"line":42,"column":29}}]},"2":{"line":44,"type":"binary-expr","locations":[{"start":{"line":44,"column":23},"end":{"line":44,"column":37}},{"start":{"line":45,"column":20},"end":{"line":45,"column":61}},{"start":{"line":46,"column":20},"end":{"line":46,"column":70}},{"start":{"line":47,"column":20},"end":{"line":47,"column":26}}]},"3":{"line":51,"type":"cond-expr","locations":[{"start":{"line":52,"column":14},"end":{"line":52,"column":20}},{"start":{"line":53,"column":14},"end":{"line":53,"column":20}}]},"4":{"line":55,"type":"binary-expr","locations":[{"start":{"line":55,"column":16},"end":{"line":55,"column":44}},{"start":{"line":55,"column":49},"end":{"line":57,"column":43}}]},"5":{"line":55,"type":"cond-expr","locations":[{"start":{"line":56,"column":14},"end":{"line":56,"column":56}},{"start":{"line":57,"column":14},"end":{"line":57,"column":43}}]},"6":{"line":61,"type":"switch","locations":[{"start":{"line":68,"column":4},"end":{"line":150,"column":14},"skip":true},{"start":{"line":156,"column":4},"end":{"line":324,"column":14},"skip":true}]},"7":{"line":70,"type":"if","locations":[{"start":{"line":70,"column":12},"end":{"line":70,"column":12},"skip":true},{"start":{"line":70,"column":12},"end":{"line":70,"column":12},"skip":true}]},"8":{"line":70,"type":"binary-expr","locations":[{"start":{"line":70,"column":16},"end":{"line":70,"column":22},"skip":true},{"start":{"line":70,"column":27},"end":{"line":70,"column":32},"skip":true},{"start":{"line":71,"column":20},"end":{"line":71,"column":39},"skip":true},{"start":{"line":72,"column":20},"end":{"line":72,"column":49},"skip":true},{"start":{"line":73,"column":20},"end":{"line":73,"column":58},"skip":true},{"start":{"line":74,"column":20},"end":{"line":74,"column":69},"skip":true}]},"9":{"line":79,"type":"switch","locations":[{"start":{"line":80,"column":20},"end":{"line":80,"column":33},"skip":true},{"start":{"line":81,"column":20},"end":{"line":83,"column":30},"skip":true},{"start":{"line":84,"column":20},"end":{"line":85,"column":49},"skip":true}]},"10":{"line":89,"type":"switch","locations":[{"start":{"line":90,"column":12},"end":{"line":103,"column":22},"skip":true},{"start":{"line":105,"column":12},"end":{"line":106,"column":22},"skip":true}]},"11":{"line":89,"type":"binary-expr","locations":[{"start":{"line":89,"column":20},"end":{"line":89,"column":25},"skip":true},{"start":{"line":89,"column":29},"end":{"line":89,"column":48},"skip":true},{"start":{"line":89,"column":52},"end":{"line":89,"column":74},"skip":true}]},"12":{"line":92,"type":"if","locations":[{"start":{"line":92,"column":16},"end":{"line":92,"column":16},"skip":true},{"start":{"line":92,"column":16},"end":{"line":92,"column":16},"skip":true}]},"13":{"line":108,"type":"if","locations":[{"start":{"line":108,"column":12},"end":{"line":108,"column":12},"skip":true},{"start":{"line":108,"column":12},"end":{"line":108,"column":12},"skip":true}]},"14":{"line":108,"type":"binary-expr","locations":[{"start":{"line":108,"column":16},"end":{"line":108,"column":61},"skip":true},{"start":{"line":108,"column":66},"end":{"line":108,"column":72},"skip":true},{"start":{"line":108,"column":77},"end":{"line":108,"column":82},"skip":true},{"start":{"line":109,"column":20},"end":{"line":109,"column":39},"skip":true},{"start":{"line":110,"column":20},"end":{"line":110,"column":49},"skip":true},{"start":{"line":111,"column":20},"end":{"line":111,"column":58},"skip":true},{"start":{"line":112,"column":20},"end":{"line":112,"column":68},"skip":true}]},"15":{"line":129,"type":"if","locations":[{"start":{"line":129,"column":16},"end":{"line":129,"column":16},"skip":true},{"start":{"line":129,"column":16},"end":{"line":129,"column":16},"skip":true}]},"16":{"line":134,"type":"cond-expr","locations":[{"start":{"line":135,"column":26},"end":{"line":135,"column":29},"skip":true},{"start":{"line":136,"column":26},"end":{"line":136,"column":54},"skip":true}]},"17":{"line":164,"type":"binary-expr","locations":[{"start":{"line":164,"column":27},"end":{"line":164,"column":43},"skip":true},{"start":{"line":164,"column":47},"end":{"line":164,"column":49},"skip":true}]},"18":{"line":258,"type":"if","locations":[{"start":{"line":258,"column":8},"end":{"line":258,"column":8},"skip":true},{"start":{"line":258,"column":8},"end":{"line":258,"column":8},"skip":true}]},"19":{"line":275,"type":"switch","locations":[{"start":{"line":276,"column":20},"end":{"line":277,"column":64},"skip":true},{"start":{"line":278,"column":20},"end":{"line":279,"column":40},"skip":true},{"start":{"line":280,"column":20},"end":{"line":281,"column":40},"skip":true},{"start":{"line":282,"column":20},"end":{"line":283,"column":39},"skip":true}]},"20":{"line":288,"type":"if","locations":[{"start":{"line":288,"column":8},"end":{"line":288,"column":8},"skip":true},{"start":{"line":288,"column":8},"end":{"line":288,"column":8},"skip":true}]},"21":{"line":288,"type":"binary-expr","locations":[{"start":{"line":288,"column":12},"end":{"line":288,"column":40},"skip":true},{"start":{"line":288,"column":44},"end":{"line":288,"column":67},"skip":true}]},"22":{"line":292,"type":"binary-expr","locations":[{"start":{"line":292,"column":12},"end":{"line":292,"column":50},"skip":true},{"start":{"line":293,"column":12},"end":{"line":293,"column":53},"skip":true}]},"23":{"line":297,"type":"binary-expr","locations":[{"start":{"line":297,"column":12},"end":{"line":297,"column":70},"skip":true},{"start":{"line":298,"column":12},"end":{"line":301,"column":36},"skip":true}]},"24":{"line":303,"type":"binary-expr","locations":[{"start":{"line":303,"column":43},"end":{"line":303,"column":75},"skip":true},{"start":{"line":303,"column":79},"end":{"line":303,"column":81},"skip":true}]},"25":{"line":306,"type":"if","locations":[{"start":{"line":306,"column":8},"end":{"line":306,"column":8},"skip":true},{"start":{"line":306,"column":8},"end":{"line":306,"column":8},"skip":true}]},"26":{"line":310,"type":"if","locations":[{"start":{"line":310,"column":8},"end":{"line":310,"column":8},"skip":true},{"start":{"line":310,"column":8},"end":{"line":310,"column":8},"skip":true}]},"27":{"line":313,"type":"binary-expr","locations":[{"start":{"line":313,"column":27},"end":{"line":313,"column":43},"skip":true},{"start":{"line":313,"column":47},"end":{"line":313,"column":53},"skip":true}]},"28":{"line":317,"type":"if","locations":[{"start":{"line":317,"column":12},"end":{"line":317,"column":12},"skip":true},{"start":{"line":317,"column":12},"end":{"line":317,"column":12},"skip":true}]}},"code":["/*","example.js","","quickstart example","","instruction","    1. save this script as example.js","    2. run the shell command:","        $ npm install npmtest-mandrill-api && PORT=8081 node example.js","    3. play with the browser-demo on http://127.0.0.1:8081","*/","","","","/* istanbul instrument in package npmtest_mandrill_api */","/*jslint","    bitwise: true,","    browser: true,","    maxerr: 8,","    maxlen: 96,","    node: true,","    nomen: true,","    regexp: true,","    stupid: true","*/","(function () {","    'use strict';","    var local;","","","","    // run shared js-env code - pre-init","    (function () {","        // init local","        local = {};","        // init modeJs","        local.modeJs = (function () {","            try {","                return typeof navigator.userAgent === 'string' &&","                    typeof document.querySelector('body') === 'object' &&","                    typeof XMLHttpRequest.prototype.open === 'function' &&","                    'browser';","            } catch (errorCaughtBrowser) {","                return module.exports &&","                    typeof process.versions.node === 'string' &&","                    typeof require('http').createServer === 'function' &&","                    'node';","            }","        }());","        // init global","        local.global = local.modeJs === 'browser'","            ? window","            : global;","        // init utility2_rollup","        local = local.global.utility2_rollup || (local.modeJs === 'browser'","            ? local.global.utility2_npmtest_mandrill_api","            : global.utility2_moduleExports);","        // export local","        local.global.local = local;","    }());","    switch (local.modeJs) {","","","","    // post-init","    // run browser js-env code - post-init","    /* istanbul ignore next */","    case 'browser':","        local.testRunBrowser = function (event) {","            if (!event || (event &&","                    event.currentTarget &&","                    event.currentTarget.className &&","                    event.currentTarget.className.includes &&","                    event.currentTarget.className.includes('onreset'))) {","                // reset output","                Array.from(","                    document.querySelectorAll('body > .resettable')","                ).forEach(function (element) {","                    switch (element.tagName) {","                    case 'INPUT':","                    case 'TEXTAREA':","                        element.value = '';","                        break;","                    default:","                        element.textContent = '';","                    }","                });","            }","            switch (event && event.currentTarget && event.currentTarget.id) {","            case 'testRunButton1':","                // show tests","                if (document.querySelector('#testReportDiv1').style.display === 'none') {","                    document.querySelector('#testReportDiv1').style.display = 'block';","                    document.querySelector('#testRunButton1').textContent =","                        'hide internal test';","                    local.modeTest = true;","                    local.testRunDefault(local);","                // hide tests","                } else {","                    document.querySelector('#testReportDiv1').style.display = 'none';","                    document.querySelector('#testRunButton1').textContent = 'run internal test';","                }","                break;","            // custom-case","            default:","                break;","            }","            if (document.querySelector('#inputTextareaEval1') && (!event || (event &&","                    event.currentTarget &&","                    event.currentTarget.className &&","                    event.currentTarget.className.includes &&","                    event.currentTarget.className.includes('oneval')))) {","                // try to eval input-code","                try {","                    /*jslint evil: true*/","                    eval(document.querySelector('#inputTextareaEval1').value);","                } catch (errorCaught) {","                    console.error(errorCaught);","                }","            }","        };","        // log stderr and stdout to #outputTextareaStdout1","        ['error', 'log'].forEach(function (key) {","            console[key + '_original'] = console[key];","            console[key] = function () {","                var element;","                console[key + '_original'].apply(console, arguments);","                element = document.querySelector('#outputTextareaStdout1');","                if (!element) {","                    return;","                }","                // append text to #outputTextareaStdout1","                element.value += Array.from(arguments).map(function (arg) {","                    return typeof arg === 'string'","                        ? arg","                        : JSON.stringify(arg, null, 4);","                }).join(' ') + '\\n';","                // scroll textarea to bottom","                element.scrollTop = element.scrollHeight;","            };","        });","        // init event-handling","        ['change', 'click', 'keyup'].forEach(function (event) {","            Array.from(document.querySelectorAll('.on' + event)).forEach(function (element) {","                element.addEventListener(event, local.testRunBrowser);","            });","        });","        // run tests","        local.testRunBrowser();","        break;","","","","    // run node js-env code - post-init","    /* istanbul ignore next */","    case 'node':","        // export local","        module.exports = local;","        // require modules","        local.fs = require('fs');","        local.http = require('http');","        local.url = require('url');","        // init assets","        local.assetsDict = local.assetsDict || {};","        /* jslint-ignore-begin */","        local.assetsDict['/assets.index.template.html'] = '\\","<!doctype html>\\n\\","<html lang=\"en\">\\n\\","<head>\\n\\","<meta charset=\"UTF-8\">\\n\\","<meta name=\"viewport\" content=\"width=device-width, initial-scale=1\">\\n\\","<title>{{env.npm_package_name}} (v{{env.npm_package_version}})</title>\\n\\","<style>\\n\\","/*csslint\\n\\","    box-sizing: false,\\n\\","    universal-selector: false\\n\\","*/\\n\\","* {\\n\\","    box-sizing: border-box;\\n\\","}\\n\\","body {\\n\\","    background: #dde;\\n\\","    font-family: Arial, Helvetica, sans-serif;\\n\\","    margin: 2rem;\\n\\","}\\n\\","body > * {\\n\\","    margin-bottom: 1rem;\\n\\","}\\n\\",".utility2FooterDiv {\\n\\","    margin-top: 20px;\\n\\","    text-align: center;\\n\\","}\\n\\","</style>\\n\\","<style>\\n\\","/*csslint\\n\\","*/\\n\\","textarea {\\n\\","    font-family: monospace;\\n\\","    height: 10rem;\\n\\","    width: 100%;\\n\\","}\\n\\","textarea[readonly] {\\n\\","    background: #ddd;\\n\\","}\\n\\","</style>\\n\\","</head>\\n\\","<body>\\n\\","<!-- utility2-comment\\n\\","<div id=\"ajaxProgressDiv1\" style=\"background: #d00; height: 2px; left: 0; margin: 0; padding: 0; position: fixed; top: 0; transition: background 0.5s, width 1.5s; width: 25%;\"></div>\\n\\","utility2-comment -->\\n\\","<h1>\\n\\","<!-- utility2-comment\\n\\","    <a\\n\\","        {{#if env.npm_package_homepage}}\\n\\","        href=\"{{env.npm_package_homepage}}\"\\n\\","        {{/if env.npm_package_homepage}}\\n\\","        target=\"_blank\"\\n\\","    >\\n\\","utility2-comment -->\\n\\","        {{env.npm_package_name}} (v{{env.npm_package_version}})\\n\\","<!-- utility2-comment\\n\\","    </a>\\n\\","utility2-comment -->\\n\\","</h1>\\n\\","<h3>{{env.npm_package_description}}</h3>\\n\\","<!-- utility2-comment\\n\\","<h4><a download href=\"assets.app.js\">download standalone app</a></h4>\\n\\","<button class=\"onclick onreset\" id=\"testRunButton1\">run internal test</button><br>\\n\\","<div id=\"testReportDiv1\" style=\"display: none;\"></div>\\n\\","utility2-comment -->\\n\\","\\n\\","\\n\\","\\n\\","<label>stderr and stdout</label>\\n\\","<textarea class=\"resettable\" id=\"outputTextareaStdout1\" readonly></textarea>\\n\\","<!-- utility2-comment\\n\\","{{#if isRollup}}\\n\\","<script src=\"assets.app.js\"></script>\\n\\","{{#unless isRollup}}\\n\\","utility2-comment -->\\n\\","<script src=\"assets.utility2.rollup.js\"></script>\\n\\","<script src=\"jsonp.utility2._stateInit?callback=window.utility2._stateInit\"></script>\\n\\","<script src=\"assets.npmtest_mandrill_api.rollup.js\"></script>\\n\\","<script src=\"assets.example.js\"></script>\\n\\","<script src=\"assets.test.js\"></script>\\n\\","<!-- utility2-comment\\n\\","{{/if isRollup}}\\n\\","utility2-comment -->\\n\\","<div class=\"utility2FooterDiv\">\\n\\","    [ this app was created with\\n\\","    <a href=\"https://github.com/kaizhu256/node-utility2\" target=\"_blank\">utility2</a>\\n\\","    ]\\n\\","</div>\\n\\","</body>\\n\\","</html>\\n\\","';","        /* jslint-ignore-end */","        if (local.templateRender) {","            local.assetsDict['/'] = local.templateRender(","                local.assetsDict['/assets.index.template.html'],","                {","                    env: local.objectSetDefault(local.env, {","                        npm_package_description: 'the greatest app in the world!',","                        npm_package_name: 'my-app',","                        npm_package_nameAlias: 'my_app',","                        npm_package_version: '0.0.1'","                    })","                }","            );","        } else {","            local.assetsDict['/'] = local.assetsDict['/assets.index.template.html']","                .replace((/\\{\\{env\\.(\\w+?)\\}\\}/g), function (match0, match1) {","                    // jslint-hack","                    String(match0);","                    switch (match1) {","                    case 'npm_package_description':","                        return 'the greatest app in the world!';","                    case 'npm_package_name':","                        return 'my-app';","                    case 'npm_package_nameAlias':","                        return 'my_app';","                    case 'npm_package_version':","                        return '0.0.1';","                    }","                });","        }","        // run the cli","        if (local.global.utility2_rollup || module !== require.main) {","            break;","        }","        local.assetsDict['/assets.example.js'] =","            local.assetsDict['/assets.example.js'] ||","            local.fs.readFileSync(__filename, 'utf8');","        // bug-workaround - long $npm_package_buildCustomOrg","        /* jslint-ignore-begin */","        local.assetsDict['/assets.npmtest_mandrill_api.rollup.js'] =","            local.assetsDict['/assets.npmtest_mandrill_api.rollup.js'] ||","            local.fs.readFileSync(","                local.npmtest_mandrill_api.__dirname + '/lib.npmtest_mandrill_api.js',","                'utf8'","            ).replace((/^#!/), '//');","        /* jslint-ignore-end */","        local.assetsDict['/favicon.ico'] = local.assetsDict['/favicon.ico'] || '';","        // if $npm_config_timeout_exit exists,","        // then exit this process after $npm_config_timeout_exit ms","        if (Number(process.env.npm_config_timeout_exit)) {","            setTimeout(process.exit, Number(process.env.npm_config_timeout_exit));","        }","        // start server","        if (local.global.utility2_serverHttp1) {","            break;","        }","        process.env.PORT = process.env.PORT || '8081';","        console.error('server starting on port ' + process.env.PORT);","        local.http.createServer(function (request, response) {","            request.urlParsed = local.url.parse(request.url);","            if (local.assetsDict[request.urlParsed.pathname] !== undefined) {","                response.end(local.assetsDict[request.urlParsed.pathname]);","                return;","            }","            response.statusCode = 404;","            response.end();","        }).listen(process.env.PORT);","        break;","    }","}());",""],"l":{"26":2,"28":2,"33":2,"35":2,"37":2,"38":2,"39":2,"44":1,"51":2,"55":2,"59":2,"61":2,"69":1,"70":2,"76":2,"79":2,"82":2,"83":2,"85":1,"89":2,"92":1,"93":1,"94":1,"96":1,"97":1,"100":1,"101":1,"103":1,"106":1,"108":2,"114":1,"116":1,"118":1,"123":1,"124":2,"125":2,"126":3,"127":3,"128":3,"129":3,"130":1,"133":3,"134":3,"139":3,"143":1,"144":3,"145":1,"149":1,"150":1,"158":1,"160":1,"161":1,"162":1,"164":1,"166":1,"258":1,"259":1,"271":1,"274":6,"275":6,"277":1,"279":2,"281":1,"283":2,"288":1,"289":1,"291":1,"296":1,"303":1,"306":1,"307":1,"310":1,"311":1,"313":1,"314":1,"315":1,"316":1,"317":1,"318":1,"319":1,"321":1,"322":1,"324":1}},"/home/travis/build/npmtest/node-npmtest-mandrill-api/node_modules/mandrill-api/mandrill.js":{"path":"/home/travis/build/npmtest/node-npmtest-mandrill-api/node_modules/mandrill-api/mandrill.js","s":{"1":1,"2":1,"3":1,"4":1,"5":1,"6":1,"7":0,"8":0,"9":0,"10":0,"11":0,"12":0,"13":0,"14":0,"15":0,"16":0,"17":0,"18":0,"19":0,"20":0,"21":0,"22":0,"23":0,"24":0,"25":0,"26":1,"27":0,"28":0,"29":0,"30":0,"31":0,"32":0,"33":0,"34":0,"35":0,"36":0,"37":0,"38":0,"39":0,"40":0,"41":0,"42":0,"43":0,"44":0,"45":0,"46":0,"47":0,"48":0,"49":0,"50":0,"51":0,"52":0,"53":0,"54":0,"55":0,"56":0,"57":0,"58":0,"59":0,"60":0,"61":0,"62":0,"63":0,"64":0,"65":1,"66":0,"67":0,"68":1,"69":1,"70":1,"71":0,"72":1,"73":0,"74":0,"75":0,"76":0,"77":0,"78":0,"79":0,"80":0,"81":0,"82":0,"83":0,"84":0,"85":0,"86":0,"87":0,"88":0,"89":0,"90":0,"91":0,"92":0,"93":0,"94":1,"95":0,"96":0,"97":0,"98":0,"99":0,"100":0,"101":0,"102":1,"103":0,"104":0,"105":0,"106":0,"107":0,"108":0,"109":0,"110":0,"111":0,"112":0,"113":0,"114":0,"115":0,"116":0,"117":0,"118":0,"119":0,"120":0,"121":0,"122":0,"123":0,"124":1,"125":0,"126":0,"127":0,"128":0,"129":0,"130":0,"131":0,"132":1,"133":0,"134":0,"135":0,"136":0,"137":0,"138":0,"139":0,"140":1,"141":0,"142":0,"143":0,"144":0,"145":0,"146":0,"147":0,"148":0,"149":0,"150":1,"151":0,"152":0,"153":0,"154":0,"155":0,"156":0,"157":0,"158":1,"159":0,"160":0,"161":0,"162":0,"163":0,"164":0,"165":0,"166":0,"167":0,"168":1,"169":1,"170":1,"171":0,"172":1,"173":0,"174":0,"175":0,"176":0,"177":0,"178":0,"179":0,"180":1,"181":0,"182":0,"183":0,"184":0,"185":0,"186":0,"187":0,"188":1,"189":0,"190":0,"191":0,"192":0,"193":0,"194":0,"195":0,"196":0,"197":0,"198":1,"199":0,"200":0,"201":0,"202":0,"203":0,"204":0,"205":0,"206":0,"207":0,"208":1,"209":0,"210":0,"211":0,"212":0,"213":0,"214":0,"215":0,"216":0,"217":0,"218":0,"219":0,"220":0,"221":0,"222":0,"223":0,"224":0,"225":0,"226":0,"227":0,"228":0,"229":0,"230":1,"231":1,"232":1,"233":0,"234":1,"235":0,"236":0,"237":0,"238":0,"239":0,"240":0,"241":0,"242":1,"243":0,"244":0,"245":0,"246":0,"247":0,"248":0,"249":0,"250":1,"251":0,"252":0,"253":0,"254":0,"255":0,"256":0,"257":0,"258":1,"259":0,"260":0,"261":0,"262":0,"263":0,"264":0,"265":0,"266":1,"267":1,"268":1,"269":0,"270":1,"271":0,"272":0,"273":0,"274":0,"275":0,"276":0,"277":0,"278":0,"279":0,"280":0,"281":0,"282":1,"283":0,"284":0,"285":0,"286":0,"287":0,"288":0,"289":0,"290":0,"291":0,"292":0,"293":0,"294":0,"295":0,"296":1,"297":0,"298":0,"299":0,"300":0,"301":0,"302":0,"303":0,"304":0,"305":0,"306":1,"307":1,"308":1,"309":0,"310":1,"311":0,"312":0,"313":0,"314":0,"315":0,"316":0,"317":0,"318":1,"319":0,"320":0,"321":0,"322":0,"323":0,"324":0,"325":0,"326":1,"327":0,"328":0,"329":0,"330":0,"331":0,"332":0,"333":0,"334":1,"335":0,"336":0,"337":0,"338":0,"339":0,"340":0,"341":0,"342":1,"343":0,"344":0,"345":0,"346":0,"347":0,"348":0,"349":0,"350":1,"351":0,"352":0,"353":0,"354":0,"355":0,"356":0,"357":0,"358":1,"359":0,"360":0,"361":0,"362":0,"363":0,"364":0,"365":0,"366":0,"367":0,"368":0,"369":0,"370":1,"371":0,"372":0,"373":0,"374":0,"375":0,"376":0,"377":0,"378":1,"379":0,"380":0,"381":0,"382":0,"383":0,"384":0,"385":0,"386":0,"387":0,"388":0,"389":0,"390":0,"391":0,"392":0,"393":0,"394":1,"395":1,"396":1,"397":0,"398":1,"399":0,"400":0,"401":0,"402":0,"403":0,"404":0,"405":0,"406":1,"407":0,"408":0,"409":0,"410":0,"411":0,"412":0,"413":0,"414":1,"415":0,"416":0,"417":0,"418":0,"419":0,"420":0,"421":0,"422":1,"423":0,"424":0,"425":0,"426":0,"427":0,"428":0,"429":0,"430":1,"431":0,"432":0,"433":0,"434":0,"435":0,"436":0,"437":0,"438":1,"439":1,"440":1,"441":0,"442":1,"443":0,"444":0,"445":0,"446":0,"447":0,"448":0,"449":0,"450":0,"451":0,"452":0,"453":0,"454":0,"455":0,"456":1,"457":0,"458":0,"459":0,"460":0,"461":0,"462":0,"463":0,"464":0,"465":0,"466":0,"467":0,"468":0,"469":0,"470":1,"471":0,"472":0,"473":0,"474":0,"475":0,"476":0,"477":0,"478":0,"479":0,"480":0,"481":0,"482":0,"483":0,"484":0,"485":0,"486":0,"487":0,"488":0,"489":0,"490":0,"491":0,"492":1,"493":0,"494":0,"495":0,"496":0,"497":0,"498":0,"499":0,"500":0,"501":0,"502":0,"503":0,"504":0,"505":0,"506":0,"507":0,"508":0,"509":0,"510":1,"511":0,"512":0,"513":0,"514":0,"515":0,"516":0,"517":0,"518":1,"519":0,"520":0,"521":0,"522":0,"523":0,"524":0,"525":0,"526":1,"527":0,"528":0,"529":0,"530":0,"531":0,"532":0,"533":0,"534":1,"535":0,"536":0,"537":0,"538":0,"539":0,"540":0,"541":0,"542":0,"543":0,"544":0,"545":0,"546":0,"547":0,"548":0,"549":0,"550":0,"551":0,"552":0,"553":0,"554":0,"555":0,"556":1,"557":0,"558":0,"559":0,"560":0,"561":0,"562":0,"563":0,"564":0,"565":0,"566":1,"567":0,"568":0,"569":0,"570":0,"571":0,"572":0,"573":0,"574":1,"575":0,"576":0,"577":0,"578":0,"579":0,"580":0,"581":0,"582":1,"583":1,"584":1,"585":0,"586":1,"587":0,"588":0,"589":0,"590":0,"591":0,"592":0,"593":0,"594":0,"595":0,"596":1,"597":0,"598":0,"599":0,"600":0,"601":0,"602":0,"603":0,"604":0,"605":0,"606":1,"607":0,"608":0,"609":0,"610":0,"611":0,"612":0,"613":0,"614":1,"615":1,"616":1,"617":0,"618":1,"619":0,"620":0,"621":0,"622":0,"623":0,"624":0,"625":0,"626":1,"627":0,"628":0,"629":0,"630":0,"631":0,"632":0,"633":0,"634":1,"635":0,"636":0,"637":0,"638":0,"639":0,"640":0,"641":0,"642":0,"643":0,"644":0,"645":0,"646":1,"647":0,"648":0,"649":0,"650":0,"651":0,"652":0,"653":0,"654":1,"655":0,"656":0,"657":0,"658":0,"659":0,"660":0,"661":0,"662":1,"663":0,"664":0,"665":0,"666":0,"667":0,"668":0,"669":0,"670":0,"671":0,"672":1,"673":0,"674":0,"675":0,"676":0,"677":0,"678":0,"679":0,"680":1,"681":0,"682":0,"683":0,"684":0,"685":0,"686":0,"687":0,"688":1,"689":0,"690":0,"691":0,"692":0,"693":0,"694":0,"695":0,"696":1,"697":0,"698":0,"699":0,"700":0,"701":0,"702":0,"703":0,"704":1,"705":0,"706":0,"707":0,"708":0,"709":0,"710":0,"711":0,"712":1,"713":0,"714":0,"715":0,"716":0,"717":0,"718":0,"719":0,"720":1,"721":0,"722":0,"723":0,"724":0,"725":0,"726":0,"727":0,"728":1,"729":1,"730":1,"731":0,"732":1,"733":1,"734":1,"735":0,"736":1,"737":0,"738":0,"739":0,"740":0,"741":0,"742":0,"743":0,"744":0,"745":0,"746":1,"747":0,"748":0,"749":0,"750":0,"751":0,"752":0,"753":0,"754":0,"755":0,"756":0,"757":0,"758":0,"759":0,"760":1,"761":0,"762":0,"763":0,"764":0,"765":0,"766":0,"767":0,"768":1,"769":0,"770":0,"771":0,"772":0,"773":0,"774":0,"775":0,"776":0,"777":0,"778":0,"779":0,"780":0,"781":0,"782":1,"783":0,"784":0,"785":0,"786":0,"787":0,"788":0,"789":0,"790":1,"791":0,"792":0,"793":0,"794":0,"795":0,"796":0,"797":0,"798":1,"799":0,"800":0,"801":0,"802":0,"803":0,"804":0,"805":0,"806":1,"807":1,"808":1,"809":0,"810":1,"811":0,"812":0,"813":0,"814":0,"815":0,"816":0,"817":0,"818":1,"819":0,"820":0,"821":0,"822":0,"823":0,"824":0,"825":0,"826":1,"827":0,"828":0,"829":0,"830":0,"831":0,"832":0,"833":0,"834":1,"835":0,"836":0,"837":0,"838":0,"839":0,"840":0,"841":0,"842":1,"843":0,"844":0,"845":0,"846":0,"847":0,"848":0,"849":0,"850":1,"851":0,"852":0,"853":0,"854":0,"855":0,"856":0,"857":0,"858":1,"859":1,"860":1,"861":0,"862":1,"863":0,"864":0,"865":0,"866":0,"867":0,"868":0,"869":0,"870":1,"871":0,"872":0,"873":0,"874":0,"875":0,"876":0,"877":0,"878":0,"879":0,"880":0,"881":0,"882":1,"883":0,"884":0,"885":0,"886":0,"887":0,"888":0,"889":0,"890":1,"891":0,"892":0,"893":0,"894":0,"895":0,"896":0,"897":0,"898":0,"899":0,"900":0,"901":0,"902":1,"903":0,"904":0,"905":0,"906":0,"907":0,"908":0,"909":0,"910":1,"911":1,"912":1,"913":0,"914":1,"915":0,"916":0,"917":0,"918":0,"919":0,"920":0,"921":0,"922":1,"923":0,"924":0,"925":0,"926":0,"927":0,"928":0,"929":0,"930":1,"931":0,"932":0,"933":0,"934":0,"935":0,"936":0,"937":0,"938":1,"939":0,"940":0,"941":0,"942":0,"943":0,"944":0,"945":0,"946":1,"947":0,"948":0,"949":0,"950":0,"951":0,"952":0,"953":0,"954":1,"955":0,"956":0,"957":0,"958":0,"959":0,"960":0,"961":0,"962":1,"963":0,"964":0,"965":0,"966":0,"967":0,"968":0,"969":0,"970":1,"971":1,"972":1,"973":0,"974":1,"975":0,"976":0,"977":0,"978":0,"979":0,"980":0,"981":0,"982":1,"983":0,"984":0,"985":0,"986":0,"987":0,"988":0,"989":0,"990":0,"991":0,"992":1,"993":0,"994":0,"995":0,"996":0,"997":0,"998":0,"999":0,"1000":1,"1001":0,"1002":0,"1003":0,"1004":0,"1005":0,"1006":0,"1007":0,"1008":1},"b":{"1":[0,0],"2":[0,0],"3":[0,0],"4":[0,0],"5":[0,0],"6":[0,0],"7":[0,0],"8":[0,0],"9":[0,0],"10":[0,0],"11":[0,0],"12":[0,0],"13":[0,0],"14":[0,0],"15":[0,0],"16":[0,0],"17":[0,0],"18":[0,0],"19":[0,0],"20":[0,0],"21":[0,0],"22":[0,0],"23":[0,0],"24":[0,0],"25":[0,0],"26":[0,0],"27":[0,0],"28":[0,0],"29":[0,0],"30":[0,0],"31":[0,0],"32":[0,0],"33":[0,0],"34":[0,0],"35":[0,0],"36":[0,0],"37":[0,0],"38":[0,0],"39":[0,0],"40":[0,0],"41":[0,0],"42":[0,0],"43":[0,0],"44":[0,0],"45":[0,0],"46":[0,0],"47":[0,0],"48":[0,0],"49":[0,0],"50":[0,0],"51":[0,0],"52":[0,0],"53":[0,0],"54":[0,0],"55":[0,0],"56":[0,0],"57":[0,0],"58":[0,0],"59":[0,0],"60":[0,0],"61":[0,0],"62":[0,0],"63":[0,0],"64":[0,0],"65":[0,0],"66":[0,0],"67":[0,0],"68":[0,0],"69":[0,0],"70":[0,0],"71":[0,0],"72":[0,0],"73":[0,0],"74":[0,0],"75":[0,0],"76":[0,0],"77":[0,0],"78":[0,0],"79":[0,0],"80":[0,0],"81":[0,0],"82":[0,0],"83":[0,0],"84":[0,0],"85":[0,0],"86":[0,0],"87":[0,0],"88":[0,0],"89":[0,0],"90":[0,0],"91":[0,0],"92":[0,0],"93":[0,0],"94":[0,0],"95":[0,0],"96":[0,0],"97":[0,0],"98":[0,0],"99":[0,0],"100":[0,0],"101":[0,0],"102":[0,0],"103":[0,0],"104":[0,0],"105":[0,0],"106":[0,0],"107":[0,0],"108":[0,0],"109":[0,0],"110":[0,0],"111":[0,0],"112":[0,0],"113":[0,0],"114":[0,0],"115":[0,0],"116":[0,0],"117":[0,0],"118":[0,0],"119":[0,0],"120":[0,0],"121":[0,0],"122":[0,0],"123":[0,0],"124":[0,0],"125":[0,0],"126":[0,0],"127":[0,0],"128":[0,0],"129":[0,0],"130":[0,0],"131":[0,0],"132":[0,0],"133":[0,0],"134":[0,0],"135":[0,0],"136":[0,0],"137":[0,0],"138":[0,0],"139":[0,0],"140":[0,0],"141":[0,0],"142":[0,0],"143":[0,0],"144":[0,0],"145":[0,0],"146":[0,0],"147":[0,0],"148":[0,0],"149":[0,0],"150":[0,0],"151":[0,0],"152":[0,0],"153":[0,0],"154":[0,0],"155":[0,0],"156":[0,0],"157":[0,0],"158":[0,0],"159":[0,0],"160":[0,0],"161":[0,0],"162":[0,0],"163":[0,0],"164":[0,0],"165":[0,0],"166":[0,0],"167":[0,0],"168":[0,0],"169":[0,0],"170":[0,0],"171":[0,0],"172":[0,0],"173":[0,0],"174":[0,0],"175":[0,0],"176":[0,0],"177":[0,0],"178":[0,0],"179":[0,0],"180":[0,0],"181":[0,0],"182":[0,0],"183":[0,0],"184":[0,0],"185":[0,0],"186":[0,0],"187":[0,0],"188":[0,0],"189":[0,0],"190":[0,0],"191":[0,0],"192":[0,0],"193":[0,0],"194":[0,0],"195":[0,0],"196":[0,0],"197":[0,0],"198":[0,0],"199":[0,0],"200":[0,0],"201":[0,0],"202":[0,0],"203":[0,0],"204":[0,0],"205":[0,0],"206":[0,0],"207":[0,0],"208":[0,0],"209":[0,0],"210":[0,0],"211":[0,0],"212":[0,0],"213":[0,0],"214":[0,0],"215":[0,0],"216":[0,0],"217":[0,0],"218":[0,0],"219":[0,0],"220":[0,0],"221":[0,0],"222":[0,0],"223":[0,0],"224":[0,0],"225":[0,0],"226":[0,0],"227":[0,0],"228":[0,0],"229":[0,0],"230":[0,0],"231":[0,0],"232":[0,0],"233":[0,0],"234":[0,0],"235":[0,0],"236":[0,0],"237":[0,0],"238":[0,0],"239":[0,0],"240":[0,0],"241":[0,0],"242":[0,0],"243":[0,0],"244":[0,0],"245":[0,0],"246":[0,0],"247":[0,0],"248":[0,0],"249":[0,0],"250":[0,0],"251":[0,0],"252":[0,0],"253":[0,0],"254":[0,0],"255":[0,0],"256":[0,0],"257":[0,0],"258":[0,0],"259":[0,0],"260":[0,0],"261":[0,0],"262":[0,0],"263":[0,0],"264":[0,0],"265":[0,0],"266":[0,0],"267":[0,0],"268":[0,0],"269":[0,0],"270":[0,0]},"f":{"1":1,"2":1,"3":0,"4":0,"5":0,"6":0,"7":0,"8":0,"9":0,"10":0,"11":0,"12":0,"13":1,"14":0,"15":0,"16":0,"17":0,"18":0,"19":0,"20":0,"21":0,"22":0,"23":1,"24":0,"25":0,"26":0,"27":0,"28":0,"29":0,"30":1,"31":0,"32":0,"33":0,"34":0,"35":0,"36":1,"37":0,"38":0,"39":0,"40":0,"41":1,"42":0,"43":0,"44":0,"45":0,"46":0,"47":0,"48":0,"49":0,"50":0,"51":0,"52":1,"53":0,"54":0,"55":0,"56":0,"57":0,"58":0,"59":1,"60":0,"61":0,"62":0,"63":0,"64":0,"65":0,"66":0,"67":0,"68":0,"69":0,"70":0,"71":0,"72":1,"73":0,"74":0,"75":0,"76":0,"77":1,"78":0,"79":0,"80":0,"81":0,"82":0,"83":0,"84":0,"85":0,"86":0,"87":0,"88":0,"89":0,"90":0,"91":0,"92":1,"93":0,"94":1,"95":0,"96":0,"97":0,"98":0,"99":0,"100":0,"101":0,"102":0,"103":1,"104":0,"105":0,"106":0,"107":0,"108":0,"109":0,"110":0,"111":1,"112":0,"113":0,"114":0,"115":0,"116":0,"117":0,"118":1,"119":0,"120":0,"121":0,"122":0,"123":0,"124":0,"125":0,"126":0,"127":1,"128":0,"129":0,"130":0,"131":0,"132":0},"fnMap":{"1":{"name":"(anonymous_1)","line":2,"loc":{"start":{"line":2,"column":1},"end":{"line":2,"column":12}}},"2":{"name":"(anonymous_2)","line":18,"loc":{"start":{"line":18,"column":22},"end":{"line":18,"column":33}}},"3":{"name":"Mandrill","line":19,"loc":{"start":{"line":19,"column":4},"end":{"line":19,"column":37}}},"4":{"name":"(anonymous_4)","line":42,"loc":{"start":{"line":42,"column":30},"end":{"line":42,"column":71}}},"5":{"name":"(anonymous_5)","line":54,"loc":{"start":{"line":54,"column":33},"end":{"line":54,"column":49}}},"6":{"name":"(anonymous_6)","line":55,"loc":{"start":{"line":55,"column":15},"end":{"line":55,"column":29}}},"7":{"name":"(anonymous_7)","line":59,"loc":{"start":{"line":59,"column":25},"end":{"line":59,"column":37}}},"8":{"name":"(anonymous_8)","line":62,"loc":{"start":{"line":62,"column":31},"end":{"line":62,"column":42}}},"9":{"name":"(anonymous_9)","line":97,"loc":{"start":{"line":97,"column":23},"end":{"line":97,"column":39}}},"10":{"name":"(anonymous_10)","line":98,"loc":{"start":{"line":98,"column":15},"end":{"line":98,"column":27}}},"11":{"name":"(anonymous_11)","line":113,"loc":{"start":{"line":113,"column":33},"end":{"line":113,"column":47}}},"12":{"name":"(anonymous_12)","line":117,"loc":{"start":{"line":117,"column":18},"end":{"line":117,"column":29}}},"13":{"name":"(anonymous_13)","line":127,"loc":{"start":{"line":127,"column":15},"end":{"line":127,"column":26}}},"14":{"name":"Templates","line":128,"loc":{"start":{"line":128,"column":4},"end":{"line":128,"column":31}}},"15":{"name":"(anonymous_15)","line":149,"loc":{"start":{"line":149,"column":30},"end":{"line":149,"column":67}}},"16":{"name":"(anonymous_16)","line":191,"loc":{"start":{"line":191,"column":31},"end":{"line":191,"column":68}}},"17":{"name":"(anonymous_17)","line":220,"loc":{"start":{"line":220,"column":33},"end":{"line":220,"column":70}}},"18":{"name":"(anonymous_18)","line":262,"loc":{"start":{"line":262,"column":34},"end":{"line":262,"column":71}}},"19":{"name":"(anonymous_19)","line":283,"loc":{"start":{"line":283,"column":36},"end":{"line":283,"column":73}}},"20":{"name":"(anonymous_20)","line":304,"loc":{"start":{"line":304,"column":31},"end":{"line":304,"column":68}}},"21":{"name":"(anonymous_21)","line":328,"loc":{"start":{"line":328,"column":37},"end":{"line":328,"column":74}}},"22":{"name":"(anonymous_22)","line":357,"loc":{"start":{"line":357,"column":33},"end":{"line":357,"column":70}}},"23":{"name":"(anonymous_23)","line":376,"loc":{"start":{"line":376,"column":13},"end":{"line":376,"column":24}}},"24":{"name":"Exports","line":377,"loc":{"start":{"line":377,"column":4},"end":{"line":377,"column":29}}},"25":{"name":"(anonymous_25)","line":394,"loc":{"start":{"line":394,"column":29},"end":{"line":394,"column":66}}},"26":{"name":"(anonymous_26)","line":414,"loc":{"start":{"line":414,"column":29},"end":{"line":414,"column":66}}},"27":{"name":"(anonymous_27)","line":437,"loc":{"start":{"line":437,"column":32},"end":{"line":437,"column":69}}},"28":{"name":"(anonymous_28)","line":463,"loc":{"start":{"line":463,"column":34},"end":{"line":463,"column":71}}},"29":{"name":"(anonymous_29)","line":501,"loc":{"start":{"line":501,"column":33},"end":{"line":501,"column":70}}},"30":{"name":"(anonymous_30)","line":538,"loc":{"start":{"line":538,"column":11},"end":{"line":538,"column":22}}},"31":{"name":"Users","line":539,"loc":{"start":{"line":539,"column":4},"end":{"line":539,"column":27}}},"32":{"name":"(anonymous_32)","line":551,"loc":{"start":{"line":551,"column":27},"end":{"line":551,"column":64}}},"33":{"name":"(anonymous_33)","line":571,"loc":{"start":{"line":571,"column":27},"end":{"line":571,"column":64}}},"34":{"name":"(anonymous_34)","line":591,"loc":{"start":{"line":591,"column":28},"end":{"line":591,"column":65}}},"35":{"name":"(anonymous_35)","line":611,"loc":{"start":{"line":611,"column":30},"end":{"line":611,"column":67}}},"36":{"name":"(anonymous_36)","line":627,"loc":{"start":{"line":627,"column":13},"end":{"line":627,"column":24}}},"37":{"name":"Rejects","line":628,"loc":{"start":{"line":628,"column":4},"end":{"line":628,"column":29}}},"38":{"name":"(anonymous_38)","line":646,"loc":{"start":{"line":646,"column":28},"end":{"line":646,"column":65}}},"39":{"name":"(anonymous_39)","line":678,"loc":{"start":{"line":678,"column":29},"end":{"line":678,"column":66}}},"40":{"name":"(anonymous_40)","line":711,"loc":{"start":{"line":711,"column":34},"end":{"line":711,"column":71}}},"41":{"name":"(anonymous_41)","line":730,"loc":{"start":{"line":730,"column":13},"end":{"line":730,"column":24}}},"42":{"name":"Inbound","line":731,"loc":{"start":{"line":731,"column":4},"end":{"line":731,"column":29}}},"43":{"name":"(anonymous_43)","line":743,"loc":{"start":{"line":743,"column":32},"end":{"line":743,"column":69}}},"44":{"name":"(anonymous_44)","line":764,"loc":{"start":{"line":764,"column":34},"end":{"line":764,"column":71}}},"45":{"name":"(anonymous_45)","line":785,"loc":{"start":{"line":785,"column":36},"end":{"line":785,"column":73}}},"46":{"name":"(anonymous_46)","line":806,"loc":{"start":{"line":806,"column":37},"end":{"line":806,"column":74}}},"47":{"name":"(anonymous_47)","line":827,"loc":{"start":{"line":827,"column":31},"end":{"line":827,"column":68}}},"48":{"name":"(anonymous_48)","line":850,"loc":{"start":{"line":850,"column":33},"end":{"line":850,"column":70}}},"49":{"name":"(anonymous_49)","line":873,"loc":{"start":{"line":873,"column":36},"end":{"line":873,"column":73}}},"50":{"name":"(anonymous_50)","line":900,"loc":{"start":{"line":900,"column":36},"end":{"line":900,"column":73}}},"51":{"name":"(anonymous_51)","line":926,"loc":{"start":{"line":926,"column":32},"end":{"line":926,"column":69}}},"52":{"name":"(anonymous_52)","line":954,"loc":{"start":{"line":954,"column":10},"end":{"line":954,"column":21}}},"53":{"name":"Tags","line":955,"loc":{"start":{"line":955,"column":4},"end":{"line":955,"column":26}}},"54":{"name":"(anonymous_54)","line":967,"loc":{"start":{"line":967,"column":26},"end":{"line":967,"column":63}}},"55":{"name":"(anonymous_55)","line":990,"loc":{"start":{"line":990,"column":31},"end":{"line":990,"column":68}}},"56":{"name":"(anonymous_56)","line":1011,"loc":{"start":{"line":1011,"column":26},"end":{"line":1011,"column":63}}},"57":{"name":"(anonymous_57)","line":1032,"loc":{"start":{"line":1032,"column":32},"end":{"line":1032,"column":69}}},"58":{"name":"(anonymous_58)","line":1052,"loc":{"start":{"line":1052,"column":35},"end":{"line":1052,"column":72}}},"59":{"name":"(anonymous_59)","line":1068,"loc":{"start":{"line":1068,"column":14},"end":{"line":1068,"column":25}}},"60":{"name":"Messages","line":1069,"loc":{"start":{"line":1069,"column":4},"end":{"line":1069,"column":30}}},"61":{"name":"(anonymous_61)","line":1142,"loc":{"start":{"line":1142,"column":30},"end":{"line":1142,"column":67}}},"62":{"name":"(anonymous_62)","line":1237,"loc":{"start":{"line":1237,"column":38},"end":{"line":1237,"column":75}}},"63":{"name":"(anonymous_63)","line":1273,"loc":{"start":{"line":1273,"column":32},"end":{"line":1273,"column":69}}},"64":{"name":"(anonymous_64)","line":1319,"loc":{"start":{"line":1319,"column":42},"end":{"line":1319,"column":79}}},"65":{"name":"(anonymous_65)","line":1355,"loc":{"start":{"line":1355,"column":30},"end":{"line":1355,"column":67}}},"66":{"name":"(anonymous_66)","line":1376,"loc":{"start":{"line":1376,"column":33},"end":{"line":1376,"column":70}}},"67":{"name":"(anonymous_67)","line":1397,"loc":{"start":{"line":1397,"column":31},"end":{"line":1397,"column":68}}},"68":{"name":"(anonymous_68)","line":1426,"loc":{"start":{"line":1426,"column":33},"end":{"line":1426,"column":70}}},"69":{"name":"(anonymous_69)","line":1468,"loc":{"start":{"line":1468,"column":39},"end":{"line":1468,"column":76}}},"70":{"name":"(anonymous_70)","line":1492,"loc":{"start":{"line":1492,"column":41},"end":{"line":1492,"column":78}}},"71":{"name":"(anonymous_71)","line":1514,"loc":{"start":{"line":1514,"column":36},"end":{"line":1514,"column":73}}},"72":{"name":"(anonymous_72)","line":1530,"loc":{"start":{"line":1530,"column":16},"end":{"line":1530,"column":27}}},"73":{"name":"Whitelists","line":1531,"loc":{"start":{"line":1531,"column":4},"end":{"line":1531,"column":32}}},"74":{"name":"(anonymous_74)","line":1547,"loc":{"start":{"line":1547,"column":31},"end":{"line":1547,"column":68}}},"75":{"name":"(anonymous_75)","line":1572,"loc":{"start":{"line":1572,"column":32},"end":{"line":1572,"column":69}}},"76":{"name":"(anonymous_76)","line":1596,"loc":{"start":{"line":1596,"column":37},"end":{"line":1596,"column":74}}},"77":{"name":"(anonymous_77)","line":1612,"loc":{"start":{"line":1612,"column":9},"end":{"line":1612,"column":20}}},"78":{"name":"Ips","line":1613,"loc":{"start":{"line":1613,"column":4},"end":{"line":1613,"column":25}}},"79":{"name":"(anonymous_79)","line":1625,"loc":{"start":{"line":1625,"column":25},"end":{"line":1625,"column":62}}},"80":{"name":"(anonymous_80)","line":1646,"loc":{"start":{"line":1646,"column":25},"end":{"line":1646,"column":62}}},"81":{"name":"(anonymous_81)","line":1670,"loc":{"start":{"line":1670,"column":30},"end":{"line":1670,"column":67}}},"82":{"name":"(anonymous_82)","line":1700,"loc":{"start":{"line":1700,"column":32},"end":{"line":1700,"column":69}}},"83":{"name":"(anonymous_83)","line":1721,"loc":{"start":{"line":1721,"column":33},"end":{"line":1721,"column":70}}},"84":{"name":"(anonymous_84)","line":1744,"loc":{"start":{"line":1744,"column":28},"end":{"line":1744,"column":65}}},"85":{"name":"(anonymous_85)","line":1768,"loc":{"start":{"line":1768,"column":30},"end":{"line":1768,"column":67}}},"86":{"name":"(anonymous_86)","line":1788,"loc":{"start":{"line":1788,"column":30},"end":{"line":1788,"column":67}}},"87":{"name":"(anonymous_87)","line":1809,"loc":{"start":{"line":1809,"column":29},"end":{"line":1809,"column":66}}},"88":{"name":"(anonymous_88)","line":1831,"loc":{"start":{"line":1831,"column":31},"end":{"line":1831,"column":68}}},"89":{"name":"(anonymous_89)","line":1852,"loc":{"start":{"line":1852,"column":31},"end":{"line":1852,"column":68}}},"90":{"name":"(anonymous_90)","line":1875,"loc":{"start":{"line":1875,"column":35},"end":{"line":1875,"column":72}}},"91":{"name":"(anonymous_91)","line":1897,"loc":{"start":{"line":1897,"column":33},"end":{"line":1897,"column":70}}},"92":{"name":"(anonymous_92)","line":1913,"loc":{"start":{"line":1913,"column":14},"end":{"line":1913,"column":25}}},"93":{"name":"Internal","line":1914,"loc":{"start":{"line":1914,"column":4},"end":{"line":1914,"column":30}}},"94":{"name":"(anonymous_94)","line":1922,"loc":{"start":{"line":1922,"column":17},"end":{"line":1922,"column":28}}},"95":{"name":"Subaccounts","line":1923,"loc":{"start":{"line":1923,"column":4},"end":{"line":1923,"column":33}}},"96":{"name":"(anonymous_96)","line":1936,"loc":{"start":{"line":1936,"column":33},"end":{"line":1936,"column":70}}},"97":{"name":"(anonymous_97)","line":1963,"loc":{"start":{"line":1963,"column":32},"end":{"line":1963,"column":69}}},"98":{"name":"(anonymous_98)","line":1993,"loc":{"start":{"line":1993,"column":33},"end":{"line":1993,"column":70}}},"99":{"name":"(anonymous_99)","line":2017,"loc":{"start":{"line":2017,"column":35},"end":{"line":2017,"column":72}}},"100":{"name":"(anonymous_100)","line":2047,"loc":{"start":{"line":2047,"column":38},"end":{"line":2047,"column":75}}},"101":{"name":"(anonymous_101)","line":2068,"loc":{"start":{"line":2068,"column":34},"end":{"line":2068,"column":71}}},"102":{"name":"(anonymous_102)","line":2089,"loc":{"start":{"line":2089,"column":35},"end":{"line":2089,"column":72}}},"103":{"name":"(anonymous_103)","line":2105,"loc":{"start":{"line":2105,"column":10},"end":{"line":2105,"column":21}}},"104":{"name":"Urls","line":2106,"loc":{"start":{"line":2106,"column":4},"end":{"line":2106,"column":26}}},"105":{"name":"(anonymous_105)","line":2118,"loc":{"start":{"line":2118,"column":26},"end":{"line":2118,"column":63}}},"106":{"name":"(anonymous_106)","line":2139,"loc":{"start":{"line":2139,"column":28},"end":{"line":2139,"column":65}}},"107":{"name":"(anonymous_107)","line":2160,"loc":{"start":{"line":2160,"column":32},"end":{"line":2160,"column":69}}},"108":{"name":"(anonymous_108)","line":2180,"loc":{"start":{"line":2180,"column":37},"end":{"line":2180,"column":74}}},"109":{"name":"(anonymous_109)","line":2201,"loc":{"start":{"line":2201,"column":39},"end":{"line":2201,"column":76}}},"110":{"name":"(anonymous_110)","line":2222,"loc":{"start":{"line":2222,"column":41},"end":{"line":2222,"column":78}}},"111":{"name":"(anonymous_111)","line":2238,"loc":{"start":{"line":2238,"column":14},"end":{"line":2238,"column":25}}},"112":{"name":"Webhooks","line":2239,"loc":{"start":{"line":2239,"column":4},"end":{"line":2239,"column":30}}},"113":{"name":"(anonymous_113)","line":2251,"loc":{"start":{"line":2251,"column":30},"end":{"line":2251,"column":67}}},"114":{"name":"(anonymous_114)","line":2275,"loc":{"start":{"line":2275,"column":29},"end":{"line":2275,"column":66}}},"115":{"name":"(anonymous_115)","line":2302,"loc":{"start":{"line":2302,"column":30},"end":{"line":2302,"column":67}}},"116":{"name":"(anonymous_116)","line":2327,"loc":{"start":{"line":2327,"column":32},"end":{"line":2327,"column":69}}},"117":{"name":"(anonymous_117)","line":2354,"loc":{"start":{"line":2354,"column":35},"end":{"line":2354,"column":72}}},"118":{"name":"(anonymous_118)","line":2370,"loc":{"start":{"line":2370,"column":13},"end":{"line":2370,"column":24}}},"119":{"name":"Senders","line":2371,"loc":{"start":{"line":2371,"column":4},"end":{"line":2371,"column":29}}},"120":{"name":"(anonymous_120)","line":2383,"loc":{"start":{"line":2383,"column":29},"end":{"line":2383,"column":66}}},"121":{"name":"(anonymous_121)","line":2403,"loc":{"start":{"line":2403,"column":32},"end":{"line":2403,"column":69}}},"122":{"name":"(anonymous_122)","line":2425,"loc":{"start":{"line":2425,"column":34},"end":{"line":2425,"column":71}}},"123":{"name":"(anonymous_123)","line":2447,"loc":{"start":{"line":2447,"column":36},"end":{"line":2447,"column":73}}},"124":{"name":"(anonymous_124)","line":2473,"loc":{"start":{"line":2473,"column":37},"end":{"line":2473,"column":74}}},"125":{"name":"(anonymous_125)","line":2494,"loc":{"start":{"line":2494,"column":29},"end":{"line":2494,"column":66}}},"126":{"name":"(anonymous_126)","line":2515,"loc":{"start":{"line":2515,"column":35},"end":{"line":2515,"column":72}}},"127":{"name":"(anonymous_127)","line":2531,"loc":{"start":{"line":2531,"column":14},"end":{"line":2531,"column":25}}},"128":{"name":"Metadata","line":2532,"loc":{"start":{"line":2532,"column":4},"end":{"line":2532,"column":30}}},"129":{"name":"(anonymous_129)","line":2544,"loc":{"start":{"line":2544,"column":30},"end":{"line":2544,"column":67}}},"130":{"name":"(anonymous_130)","line":2566,"loc":{"start":{"line":2566,"column":29},"end":{"line":2566,"column":66}}},"131":{"name":"(anonymous_131)","line":2591,"loc":{"start":{"line":2591,"column":32},"end":{"line":2591,"column":69}}},"132":{"name":"(anonymous_132)","line":2612,"loc":{"start":{"line":2612,"column":35},"end":{"line":2612,"column":72}}}},"statementMap":{"1":{"start":{"line":2,"column":0},"end":{"line":2628,"column":14}},"2":{"start":{"line":3,"column":2},"end":{"line":3,"column":154}},"3":{"start":{"line":5,"column":2},"end":{"line":5,"column":27}},"4":{"start":{"line":7,"column":2},"end":{"line":16,"column":4}},"5":{"start":{"line":18,"column":2},"end":{"line":125,"column":7}},"6":{"start":{"line":19,"column":4},"end":{"line":40,"column":5}},"7":{"start":{"line":20,"column":6},"end":{"line":20,"column":51}},"8":{"start":{"line":21,"column":6},"end":{"line":21,"column":49}},"9":{"start":{"line":22,"column":6},"end":{"line":22,"column":43}},"10":{"start":{"line":23,"column":6},"end":{"line":23,"column":39}},"11":{"start":{"line":24,"column":6},"end":{"line":24,"column":35}},"12":{"start":{"line":25,"column":6},"end":{"line":25,"column":39}},"13":{"start":{"line":26,"column":6},"end":{"line":26,"column":39}},"14":{"start":{"line":27,"column":6},"end":{"line":27,"column":33}},"15":{"start":{"line":28,"column":6},"end":{"line":28,"column":41}},"16":{"start":{"line":29,"column":6},"end":{"line":29,"column":45}},"17":{"start":{"line":30,"column":6},"end":{"line":30,"column":31}},"18":{"start":{"line":31,"column":6},"end":{"line":31,"column":41}},"19":{"start":{"line":32,"column":6},"end":{"line":32,"column":47}},"20":{"start":{"line":33,"column":6},"end":{"line":33,"column":33}},"21":{"start":{"line":34,"column":6},"end":{"line":34,"column":41}},"22":{"start":{"line":35,"column":6},"end":{"line":35,"column":39}},"23":{"start":{"line":36,"column":6},"end":{"line":36,"column":41}},"24":{"start":{"line":37,"column":6},"end":{"line":39,"column":7}},"25":{"start":{"line":38,"column":8},"end":{"line":38,"column":53}},"26":{"start":{"line":42,"column":4},"end":{"line":111,"column":6}},"27":{"start":{"line":43,"column":6},"end":{"line":43,"column":14}},"28":{"start":{"line":44,"column":6},"end":{"line":46,"column":7}},"29":{"start":{"line":45,"column":8},"end":{"line":45,"column":20}},"30":{"start":{"line":47,"column":6},"end":{"line":47,"column":31}},"31":{"start":{"line":48,"column":6},"end":{"line":48,"column":58}},"32":{"start":{"line":49,"column":6},"end":{"line":51,"column":7}},"33":{"start":{"line":50,"column":8},"end":{"line":50,"column":103}},"34":{"start":{"line":52,"column":6},"end":{"line":52,"column":51}},"35":{"start":{"line":53,"column":6},"end":{"line":53,"column":53}},"36":{"start":{"line":54,"column":6},"end":{"line":94,"column":16}},"37":{"start":{"line":55,"co
[...]
{Integer} id the unique identifier of a webhook belonging to this account","    @param {Function} onsuccess an optional callback to execute when the API call is successfully made","    @param {Function} onerror an optional callback to execute when the API call errors out - defaults to throwing the error as an exception","     */","","    Webhooks.prototype[\"delete\"] = function(params, onsuccess, onerror) {","      if (params == null) {","        params = {};","      }","      if (typeof params === 'function') {","        onerror = onsuccess;","        onsuccess = params;","        params = {};","      }","      return this.master.call('webhooks/delete', params, onsuccess, onerror);","    };","","    return Webhooks;","","  })();","","  Senders = (function() {","    function Senders(master) {","      this.master = master;","    }","","","    /*","    Return the senders that have tried to use this account.","    @param {Object} params the hash of the parameters to pass to the request","    @param {Function} onsuccess an optional callback to execute when the API call is successfully made","    @param {Function} onerror an optional callback to execute when the API call errors out - defaults to throwing the error as an exception","     */","","    Senders.prototype.list = function(params, onsuccess, onerror) {","      if (params == null) {","        params = {};","      }","      if (typeof params === 'function') {","        onerror = onsuccess;","        onsuccess = params;","        params = {};","      }","      return this.master.call('senders/list', params, onsuccess, onerror);","    };","","","    /*","    Returns the sender domains that have been added to this account.","    @param {Object} params the hash of the parameters to pass to the request","    @param {Function} onsuccess an optional callback to execute when the API call is successfully made","    @param {Function} onerror an optional callback to execute when the API call errors out - defaults to throwing the error as an exception","     */","","    Senders.prototype.domains = function(params, onsuccess, onerror) {","      if (params == null) {","        params = {};","      }","      if (typeof params === 'function') {","        onerror = onsuccess;","        onsuccess = params;","        params = {};","      }","      return this.master.call('senders/domains', params, onsuccess, onerror);","    };","","","    /*","    Adds a sender domain to your account. Sender domains are added automatically as you","    send, but you can use this call to add them ahead of time.","    @param {Object} params the hash of the parameters to pass to the request","    @option params {String} domain a domain name","    @param {Function} onsuccess an optional callback to execute when the API call is successfully made","    @param {Function} onerror an optional callback to execute when the API call errors out - defaults to throwing the error as an exception","     */","","    Senders.prototype.addDomain = function(params, onsuccess, onerror) {","      if (params == null) {","        params = {};","      }","      if (typeof params === 'function') {","        onerror = onsuccess;","        onsuccess = params;","        params = {};","      }","      return this.master.call('senders/add-domain', params, onsuccess, onerror);","    };","","","    /*","    Checks the SPF and DKIM settings for a domain. If you haven't already added this domain to your","    account, it will be added automatically.","    @param {Object} params the hash of the parameters to pass to the request","    @option params {String} domain a domain name","    @param {Function} onsuccess an optional callback to execute when the API call is successfully made","    @param {Function} onerror an optional callback to execute when the API call errors out - defaults to throwing the error as an exception","     */","","    Senders.prototype.checkDomain = function(params, onsuccess, onerror) {","      if (params == null) {","        params = {};","      }","      if (typeof params === 'function') {","        onerror = onsuccess;","        onsuccess = params;","        params = {};","      }","      return this.master.call('senders/check-domain', params, onsuccess, onerror);","    };","","","    /*","    Sends a verification email in order to verify ownership of a domain.","    Domain verification is an optional step to confirm ownership of a domain. Once a","    domain has been verified in a Mandrill account, other accounts may not have their","    messages signed by that domain unless they also verify the domain. This prevents","    other Mandrill accounts from sending mail signed by your domain.","    @param {Object} params the hash of the parameters to pass to the request","    @option params {String} domain a domain name at which you can receive email","    @option params {String} mailbox a mailbox at the domain where the verification email should be sent","    @param {Function} onsuccess an optional callback to execute when the API call is successfully made","    @param {Function} onerror an optional callback to execute when the API call errors out - defaults to throwing the error as an exception","     */","","    Senders.prototype.verifyDomain = function(params, onsuccess, onerror) {","      if (params == null) {","        params = {};","      }","      if (typeof params === 'function') {","        onerror = onsuccess;","        onsuccess = params;","        params = {};","      }","      return this.master.call('senders/verify-domain', params, onsuccess, onerror);","    };","","","    /*","    Return more detailed information about a single sender, including aggregates of recent stats","    @param {Object} params the hash of the parameters to pass to the request","    @option params {String} address the email address of the sender","    @param {Function} onsuccess an optional callback to execute when the API call is successfully made","    @param {Function} onerror an optional callback to execute when the API call errors out - defaults to throwing the error as an exception","     */","","    Senders.prototype.info = function(params, onsuccess, onerror) {","      if (params == null) {","        params = {};","      }","      if (typeof params === 'function') {","        onerror = onsuccess;","        onsuccess = params;","        params = {};","      }","      return this.master.call('senders/info', params, onsuccess, onerror);","    };","","","    /*","    Return the recent history (hourly stats for the last 30 days) for a sender","    @param {Object} params the hash of the parameters to pass to the request","    @option params {String} address the email address of the sender","    @param {Function} onsuccess an optional callback to execute when the API call is successfully made","    @param {Function} onerror an optional callback to execute when the API call errors out - defaults to throwing the error as an exception","     */","","    Senders.prototype.timeSeries = function(params, onsuccess, onerror) {","      if (params == null) {","        params = {};","      }","      if (typeof params === 'function') {","        onerror = onsuccess;","        onsuccess = params;","        params = {};","      }","      return this.master.call('senders/time-series', params, onsuccess, onerror);","    };","","    return Senders;","","  })();","","  Metadata = (function() {","    function Metadata(master) {","      this.master = master;","    }","","","    /*","    Get the list of custom metadata fields indexed for the account.","    @param {Object} params the hash of the parameters to pass to the request","    @param {Function} onsuccess an optional callback to execute when the API call is successfully made","    @param {Function} onerror an optional callback to execute when the API call errors out - defaults to throwing the error as an exception","     */","","    Metadata.prototype.list = function(params, onsuccess, onerror) {","      if (params == null) {","        params = {};","      }","      if (typeof params === 'function') {","        onerror = onsuccess;","        onsuccess = params;","        params = {};","      }","      return this.master.call('metadata/list', params, onsuccess, onerror);","    };","","","    /*","    Add a new custom metadata field to be indexed for the account.","    @param {Object} params the hash of the parameters to pass to the request","    @option params {String} name a unique identifier for the metadata field","    @option params {String} view_template optional Mustache template to control how the metadata is rendered in your activity log","    @param {Function} onsuccess an optional callback to execute when the API call is successfully made","    @param {Function} onerror an optional callback to execute when the API call errors out - defaults to throwing the error as an exception","     */","","    Metadata.prototype.add = function(params, onsuccess, onerror) {","      if (params == null) {","        params = {};","      }","      if (typeof params === 'function') {","        onerror = onsuccess;","        onsuccess = params;","        params = {};","      }","      if (params[\"view_template\"] == null) {","        params[\"view_template\"] = null;","      }","      return this.master.call('metadata/add', params, onsuccess, onerror);","    };","","","    /*","    Update an existing custom metadata field.","    @param {Object} params the hash of the parameters to pass to the request","    @option params {String} name the unique identifier of the metadata field to update","    @option params {String} view_template optional Mustache template to control how the metadata is rendered in your activity log","    @param {Function} onsuccess an optional callback to execute when the API call is successfully made","    @param {Function} onerror an optional callback to execute when the API call errors out - defaults to throwing the error as an exception","     */","","    Metadata.prototype.update = function(params, onsuccess, onerror) {","      if (params == null) {","        params = {};","      }","      if (typeof params === 'function') {","        onerror = onsuccess;","        onsuccess = params;","        params = {};","      }","      return this.master.call('metadata/update', params, onsuccess, onerror);","    };","","","    /*","    Delete an existing custom metadata field. Deletion isn't instataneous, and /metadata/list will continue to return the field until the asynchronous deletion process is complete.","    @param {Object} params the hash of the parameters to pass to the request","    @option params {String} name the unique identifier of the metadata field to update","    @param {Function} onsuccess an optional callback to execute when the API call is successfully made","    @param {Function} onerror an optional callback to execute when the API call errors out - defaults to throwing the error as an exception","     */","","    Metadata.prototype[\"delete\"] = function(params, onsuccess, onerror) {","      if (params == null) {","        params = {};","      }","      if (typeof params === 'function') {","        onerror = onsuccess;","        onsuccess = params;","        params = {};","      }","      return this.master.call('metadata/delete', params, onsuccess, onerror);","    };","","    return Metadata;","","  })();","","}).call(this);",""],"l":{"2":1,"3":1,"5":1,"7":1,"18":1,"19":1,"20":0,"21":0,"22":0,"23":0,"24":0,"25":0,"26":0,"27":0,"28":0,"29":0,"30":0,"31":0,"32":0,"33":0,"34":0,"35":0,"36":0,"37":0,"38":0,"42":1,"43":0,"44":0,"45":0,"47":0,"48":0,"49":0,"50":0,"52":0,"53":0,"54":0,"55":0,"56":0,"57":0,"58":0,"59":0,"60":0,"62":0,"63":0,"64":0,"65":0,"67":0,"68":0,"74":0,"75":0,"81":0,"82":0,"83":0,"85":0,"88":0,"89":0,"95":0,"96":0,"97":0,"98":0,"99":0,"100":0,"102":0,"110":0,"113":1,"114":0,"118":0,"123":1,"127":1,"128":1,"129":0,"149":1,"150":0,"151":0,"153":0,"154":0,"155":0,"156":0,"158":0,"159":0,"161":0,"162":0,"164":0,"165":0,"167":0,"168":0,"170":0,"171":0,"173":0,"174":0,"176":0,"177":0,"179":0,"191":1,"192":0,"193":0,"195":0,"196":0,"197":0,"198":0,"200":0,"220":1,"221":0,"222":0,"224":0,"225":0,"226":0,"227":0,"229":0,"230":0,"232":0,"233":0,"235":0,"236":0,"238":0,"239":0,"241":0,"242":0,"244":0,"245":0,"247":0,"248":0,"250":0,"262":1,"263":0,"264":0,"266":0,"267":0,"268":0,"269":0,"271":0,"283":1,"284":0,"285":0,"287":0,"288":0,"289":0,"290":0,"292":0,"304":1,"305":0,"306":0,"308":0,"309":0,"310":0,"311":0,"313":0,"314":0,"316":0,"328":1,"329":0,"330":0,"332":0,"333":0,"334":0,"335":0,"337":0,"357":1,"358":0,"359":0,"361":0,"362":0,"363":0,"364":0,"366":0,"367":0,"369":0,"372":1,"376":1,"377":1,"378":0,"394":1,"395":0,"396":0,"398":0,"399":0,"400":0,"401":0,"403":0,"414":1,"415":0,"416":0,"418":0,"419":0,"420":0,"421":0,"423":0,"437":1,"438":0,"439":0,"441":0,"442":0,"443":0,"444":0,"446":0,"447":0,"449":0,"463":1,"464":0,"465":0,"467":0,"468":0,"469":0,"470":0,"472":0,"473":0,"475":0,"501":1,"502":0,"503":0,"505":0,"506":0,"507":0,"508":0,"510":0,"511":0,"513":0,"514":0,"516":0,"517":0,"519":0,"520":0,"522":0,"523":0,"525":0,"526":0,"528":0,"529":0,"531":0,"534":1,"538":1,"539":1,"540":0,"551":1,"552":0,"553":0,"555":0,"556":0,"557":0,"558":0,"560":0,"571":1,"572":0,"573":0,"575":0,"576":0,"577":0,"578":0,"580":0,"591":1,"592":0,"593":0,"595":0,"596":0,"597":0,"598":0,"600":0,"611":1,"612":0,"613":0,"615":0,"616":0,"617":0,"618":0,"620":0,"623":1,"627":1,"628":1,"629":0,"646":1,"647":0,"648":0,"650":0,"651":0,"652":0,"653":0,"655":0,"656":0,"658":0,"659":0,"661":0,"678":1,"679":0,"680":0,"682":0,"683":0,"684":0,"685":0,"687":0,"688":0,"690":0,"691":0,"693":0,"694":0,"696":0,"711":1,"712":0,"713":0,"715":0,"716":0,"717":0,"718":0,"720":0,"721":0,"723":0,"726":1,"730":1,"731":1,"732":0,"743":1,"744":0,"745":0,"747":0,"748":0,"749":0,"750":0,"752":0,"764":1,"765":0,"766":0,"768":0,"769":0,"770":0,"771":0,"773":0,"785":1,"786":0,"787":0,"789":0,"790":0,"791":0,"792":0,"794":0,"806":1,"807":0,"808":0,"810":0,"811":0,"812":0,"813":0,"815":0,"827":1,"828":0,"829":0,"831":0,"832":0,"833":0,"834":0,"836":0,"850":1,"851":0,"852":0,"854":0,"855":0,"856":0,"857":0,"859":0,"873":1,"874":0,"875":0,"877":0,"878":0,"879":0,"880":0,"882":0,"883":0,"885":0,"886":0,"888":0,"900":1,"901":0,"902":0,"904":0,"905":0,"906":0,"907":0,"909":0,"926":1,"927":0,"928":0,"930":0,"931":0,"932":0,"933":0,"935":0,"936":0,"938":0,"939":0,"941":0,"942":0,"944":0,"945":0,"947":0,"950":1,"954":1,"955":1,"956":0,"967":1,"968":0,"969":0,"971":0,"972":0,"973":0,"974":0,"976":0,"990":1,"991":0,"992":0,"994":0,"995":0,"996":0,"997":0,"999":0,"1011":1,"1012":0,"1013":0,"1015":0,"1016":0,"1017":0,"1018":0,"1020":0,"1032":1,"1033":0,"1034":0,"1036":0,"1037":0,"1038":0,"1039":0,"1041":0,"1052":1,"1053":0,"1054":0,"1056":0,"1057":0,"1058":0,"1059":0,"1061":0,"1064":1,"1068":1,"1069":1,"1070":0,"1142":1,"1143":0,"1144":0,"1146":0,"1147":0,"1148":0,"1149":0,"1151":0,"1152":0,"1154":0,"1155":0,"1157":0,"1158":0,"1160":0,"1237":1,"1238":0,"1239":0,"1241":0,"1242":0,"1243":0,"1244":0,"1246":0,"1247":0,"1249":0,"1250":0,"1252":0,"1253":0,"1255":0,"1273":1,"1274":0,"1275":0,"1277":0,"1278":0,"1279":0,"1280":0,"1282":0,"1283":0,"1285":0,"1286":0,"1288":0,"1289":0,"1291":0,"1292":0,"1294":0,"1295":0,"1297":0,"1298":0,"1300":0,"1301":0,"1303":0,"1319":1,"1320":0,"1321":0,"1323":0,"1324":0,"1325":0,"1326":0,"1328":0,"1329":0,"1331":0,"1332":0,"1334":0,"1335":0,"1337":0,"1338":0,"1340":0,"1341":0,"1343":0,"1355":1,"1356":0,"1357":0,"1359":0,"1360":0,"1361":0,"1362":0,"1364":0,"1376":1,"1377":0,"1378":0,"1380":0,"1381":0,"1382":0,"1383":0,"1385":0,"1397":1,"1398":0,"1399":0,"1401":0,"1402":0,"1403":0,"1404":0,"1406":0,"1426":1,"1427":0,"1428":0,"1430":0,"1431":0,"1432":0,"1433":0,"1435":0,"1436":0,"1438":0,"1439":0,"1441":0,"1442":0,"1444":0,"1445":0,"1447":0,"1448":0,"1450":0,"1451":0,"1453":0,"1454":0,"1456":0,"1468":1,"1469":0,"1470":0,"1472":0,"1473":0,"1474":0,"1475":0,"1477":0,"1478":0,"1480":0,"1492":1,"1493":0,"1494":0,"1496":0,"1497":0,"1498":0,"1499":0,"1501":0,"1514":1,"1515":0,"1516":0,"1518":0,"1519":0,"1520":0,"1521":0,"1523":0,"1526":1,"1530":1,"1531":1,"1532":0,"1547":1,"1548":0,"1549":0,"1551":0,"1552":0,"1553":0,"1554":0,"1556":0,"1557":0,"1559":0,"1572":1,"1573":0,"1574":0,"1576":0,"1577":0,"1578":0,"1579":0,"1581":0,"1582":0,"1584":0,"1596":1,"1597":0,"1598":0,"1600":0,"1601":0,"1602":0,"1603":0,"1605":0,"1608":1,"1612":1,"1613":1,"1614":0,"1625":1,"1626":0,"1627":0,"1629":0,"1630":0,"1631":0,"1632":0,"1634":0,"1646":1,"1647":0,"1648":0,"1650":0,"1651":0,"1652":0,"1653":0,"1655":0,"1670":1,"1671":0,"1672":0,"1674":0,"1675":0,"1676":0,"1677":0,"1679":0,"1680":0,"1682":0,"1683":0,"1685":0,"1700":1,"1701":0,"1702":0,"1704":0,"1705":0,"1706":0,"1707":0,"1709":0,"1721":1,"1722":0,"1723":0,"1725":0,"1726":0,"1727":0,"1728":0,"1730":0,"1744":1,"1745":0,"1746":0,"1748":0,"1749":0,"1750":0,"1751":0,"1753":0,"1754":0,"1756":0,"1768":1,"1769":0,"1770":0,"1772":0,"1773":0,"1774":0,"1775":0,"1777":0,"1788":1,"1789":0,"1790":0,"1792":0,"1793":0,"1794":0,"1795":0,"1797":0,"1809":1,"1810":0,"1811":0,"1813":0,"1814":0,"1815":0,"1816":0,"1818":0,"1831":1,"1832":0,"1833":0,"1835":0,"1836":0,"1837":0,"1838":0,"1840":0,"1852":1,"1853":0,"1854":0,"1856":0,"1857":0,"1858":0,"1859":0,"1861":0,"1875":1,"1876":0,"1877":0,"1879":0,"1880":0,"1881":0,"1882":0,"1884":0,"1897":1,"1898":0,"1899":0,"1901":0,"1902":0,"1903":0,"1904":0,"1906":0,"1909":1,"1913":1,"1914":1,"1915":0,"1918":1,"1922":1,"1923":1,"1924":0,"1936":1,"1937":0,"1938":0,"1940":0,"1941":0,"1942":0,"1943":0,"1945":0,"1946":0,"1948":0,"1963":1,"1964":0,"1965":0,"1967":0,"1968":0,"1969":0,"1970":0,"1972":0,"1973":0,"1975":0,"1976":0,"1978":0,"1979":0,"1981":0,"1993":1,"1994":0,"1995":0,"1997":0,"1998":0,"1999":0,"2000":0,"2002":0,"2017":1,"2018":0,"2019":0,"2021":0,"2022":0,"2023":0,"2024":0,"2026":0,"2027":0,"2029":0,"2030":0,"2032":0,"2033":0,"2035":0,"2047":1,"2048":0,"2049":0,"2051":0,"2052":0,"2053":0,"2054":0,"2056":0,"2068":1,"2069":0,"2070":0,"2072":0,"2073":0,"2074":0,"2075":0,"2077":0,"2089":1,"2090":0,"2091":0,"2093":0,"2094":0,"2095":0,"2096":0,"2098":0,"2101":1,"2105":1,"2106":1,"2107":0,"2118":1,"2119":0,"2120":0,"2122":0,"2123":0,"2124":0,"2125":0,"2127":0,"2139":1,"2140":0,"2141":0,"2143":0,"2144":0,"2145":0,"2146":0,"2148":0,"2160":1,"2161":0,"2162":0,"2164":0,"2165":0,"2166":0,"2167":0,"2169":0,"2180":1,"2181":0,"2182":0,"2184":0,"2185":0,"2186":0,"2187":0,"2189":0,"2201":1,"2202":0,"2203":0,"2205":0,"2206":0,"2207":0,"2208":0,"2210":0,"2222":1,"2223":0,"2224":0,"2226":0,"2227":0,"2228":0,"2229":0,"2231":0,"2234":1,"2238":1,"2239":1,"2240":0,"2251":1,"2252":0,"2253":0,"2255":0,"2256":0,"2257":0,"2258":0,"2260":0,"2275":1,"2276":0,"2277":0,"2279":0,"2280":0,"2281":0,"2282":0,"2284":0,"2285":0,"2287":0,"2288":0,"2290":0,"2302":1,"2303":0,"2304":0,"2306":0,"2307":0,"2308":0,"2309":0,"2311":0,"2327":1,"2328":0,"2329":0,"2331":0,"2332":0,"2333":0,"2334":0,"2336":0,"2337":0,"2339":0,"2340":0,"2342":0,"2354":1,"2355":0,"2356":0,"2358":0,"2359":0,"2360":0,"2361":0,"2363":0,"2366":1,"2370":1,"2371":1,"2372":0,"2383":1,"2384":0,"2385":0,"2387":0,"2388":0,"2389":0,"2390":0,"2392":0,"2403":1,"2404":0,"2405":0,"2407":0,"2408":0,"2409":0,"2410":0,"2412":0,"2425":1,"2426":0,"2427":0,"2429":0,"2430":0,"2431":0,"2432":0,"2434":0,"2447":1,"2448":0,"2449":0,"2451":0,"2452":0,"2453":0,"2454":0,"2456":0,"2473":1,"2474":0,"2475":0,"2477":0,"2478":0,"2479":0,"2480":0,"2482":0,"2494":1,"2495":0,"2496":0,"2498":0,"2499":0,"2500":0,"2501":0,"2503":0,"2515":1,"2516":0,"2517":0,"2519":0,"2520":0,"2521":0,"2522":0,"2524":0,"2527":1,"2531":1,"2532":1,"2533":0,"2544":1,"2545":0,"2546":0,"2548":0,"2549":0,"2550":0,"2551":0,"2553":0,"2566":1,"2567":0,"2568":0,"2570":0,"2571":0,"2572":0,"2573":0,"2575":0,"2576":0,"2578":0,"2591":1,"2592":0,"2593":0,"2595":0,"2596":0,"2597":0,"2598":0,"2600":0,"2612":1,"2613":0,"2614":0,"2616":0,"2617":0,"2618":0,"2619":0,"2621":0,"2624":1}}}